[2019-11-12 23:00:49] production.ERROR: Please provide a valid cache path. {"exception":"[object] (InvalidArgumentException(code: 0): Please provide a valid cache path. at C:\\xampp\\htdocs\\admin\\vendor\\laravel\\framework\\src\\Illuminate\\View\\Compilers\\Compiler.php:36)
[stacktrace]
#0 C:\\xampp\\htdocs\\admin\\vendor\\laravel\\framework\\src\\Illuminate\\View\\ViewServiceProvider.php(141): Illuminate\\View\\Compilers\\Compiler->__construct(Object(Illuminate\\Filesystem\\Filesystem), false)
#1 C:\\xampp\\htdocs\\admin\\vendor\\laravel\\framework\\src\\Illuminate\\Container\\Container.php(785): Illuminate\\View\\ViewServiceProvider->Illuminate\\View\\{closure}(Object(Illuminate\\Foundation\\Application), Array)
#2 C:\\xampp\\htdocs\\admin\\vendor\\laravel\\framework\\src\\Illuminate\\Container\\Container.php(667): Illuminate\\Container\\Container->build(Object(Closure))
#3 C:\\xampp\\htdocs\\admin\\vendor\\laravel\\framework\\src\\Illuminate\\Container\\Container.php(615): Illuminate\\Container\\Container->resolve('blade.compiler', Array)
#4 C:\\xampp\\htdocs\\admin\\vendor\\laravel\\framework\\src\\Illuminate\\Foundation\\Application.php(767): Illuminate\\Container\\Container->make('blade.compiler', Array)
#5 C:\\xampp\\htdocs\\admin\\vendor\\laravel\\framework\\src\\Illuminate\\Container\\Container.php(1227): Illuminate\\Foundation\\Application->make('blade.compiler')
#6 C:\\xampp\\htdocs\\admin\\vendor\\laravel\\framework\\src\\Illuminate\\Support\\Facades\\Facade.php(176): Illuminate\\Container\\Container->offsetGet('blade.compiler')
#7 C:\\xampp\\htdocs\\admin\\vendor\\laravel\\framework\\src\\Illuminate\\Support\\Facades\\Facade.php(144): Illuminate\\Support\\Facades\\Facade::resolveFacadeInstance('blade.compiler')
#8 C:\\xampp\\htdocs\\admin\\vendor\\laravel\\framework\\src\\Illuminate\\Support\\Facades\\Facade.php(233): Illuminate\\Support\\Facades\\Facade::getFacadeRoot()
#9 C:\\xampp\\htdocs\\admin\\vendor\\whitecube\
ova-page\\src\\NovaPageServiceProvider.php(42): Illuminate\\Support\\Facades\\Facade::__callStatic('directive', Array)
#10 C:\\xampp\\htdocs\\admin\\vendor\\whitecube\
ova-page\\src\\NovaPageServiceProvider.php(78): Whitecube\\NovaPage\\NovaPageServiceProvider->registerBladeDirectives()
#11 [internal function]: Whitecube\\NovaPage\\NovaPageServiceProvider->boot()
#12 C:\\xampp\\htdocs\\admin\\vendor\\laravel\\framework\\src\\Illuminate\\Container\\BoundMethod.php(32): call_user_func_array(Array, Array)
#13 C:\\xampp\\htdocs\\admin\\vendor\\laravel\\framework\\src\\Illuminate\\Container\\BoundMethod.php(90): Illuminate\\Container\\BoundMethod::Illuminate\\Container\\{closure}()
#14 C:\\xampp\\htdocs\\admin\\vendor\\laravel\\framework\\src\\Illuminate\\Container\\BoundMethod.php(34): Illuminate\\Container\\BoundMethod::callBoundMethod(Object(Illuminate\\Foundation\\Application), Array, Object(Closure))
#15 C:\\xampp\\htdocs\\admin\\vendor\\laravel\\framework\\src\\Illuminate\\Container\\Container.php(576): Illuminate\\Container\\BoundMethod::call(Object(Illuminate\\Foundation\\Application), Array, Array, NULL)
#16 C:\\xampp\\htdocs\\admin\\vendor\\laravel\\framework\\src\\Illuminate\\Foundation\\Application.php(827): Illuminate\\Container\\Container->call(Array)
#17 C:\\xampp\\htdocs\\admin\\vendor\\laravel\\framework\\src\\Illuminate\\Foundation\\Application.php(810): Illuminate\\Foundation\\Application->bootProvider(Object(Whitecube\\NovaPage\\NovaPageServiceProvider))
#18 [internal function]: Illuminate\\Foundation\\Application->Illuminate\\Foundation\\{closure}(Object(Whitecube\\NovaPage\\NovaPageServiceProvider), 59)
#19 C:\\xampp\\htdocs\\admin\\vendor\\laravel\\framework\\src\\Illuminate\\Foundation\\Application.php(811): array_walk(Array, Object(Closure))
#20 C:\\xampp\\htdocs\\admin\\vendor\\laravel\\framework\\src\\Illuminate\\Foundation\\Bootstrap\\BootProviders.php(17): Illuminate\\Foundation\\Application->boot()
#21 C:\\xampp\\htdocs\\admin\\vendor\\laravel\\framework\\src\\Illuminate\\Foundation\\Application.php(210): Illuminate\\Foundation\\Bootstrap\\BootProviders->bootstrap(Object(Illuminate\\Foundation\\Application))
#22 C:\\xampp\\htdocs\\admin\\vendor\\laravel\\framework\\src\\Illuminate\\Foundation\\Console\\Kernel.php(322): Illuminate\\Foundation\\Application->bootstrapWith(Array)
#23 C:\\xampp\\htdocs\\admin\\vendor\\laravel\\framework\\src\\Illuminate\\Foundation\\Console\\Kernel.php(131): Illuminate\\Foundation\\Console\\Kernel->bootstrap()
#24 C:\\xampp\\htdocs\\admin\\artisan(37): Illuminate\\Foundation\\Console\\Kernel->handle(Object(Symfony\\Component\\Console\\Input\\ArgvInput), Object(Symfony\\Component\\Console\\Output\\ConsoleOutput))
#25 {main}
"} 
[2019-11-12 23:01:42] production.ERROR: Please provide a valid cache path. {"exception":"[object] (InvalidArgumentException(code: 0): Please provide a valid cache path. at C:\\xampp\\htdocs\\admin\\vendor\\laravel\\framework\\src\\Illuminate\\View\\Compilers\\Compiler.php:36)
[stacktrace]
#0 C:\\xampp\\htdocs\\admin\\vendor\\laravel\\framework\\src\\Illuminate\\View\\ViewServiceProvider.php(141): Illuminate\\View\\Compilers\\Compiler->__construct(Object(Illuminate\\Filesystem\\Filesystem), false)
#1 C:\\xampp\\htdocs\\admin\\vendor\\laravel\\framework\\src\\Illuminate\\Container\\Container.php(785): Illuminate\\View\\ViewServiceProvider->Illuminate\\View\\{closure}(Object(Illuminate\\Foundation\\Application), Array)
#2 C:\\xampp\\htdocs\\admin\\vendor\\laravel\\framework\\src\\Illuminate\\Container\\Container.php(667): Illuminate\\Container\\Container->build(Object(Closure))
#3 C:\\xampp\\htdocs\\admin\\vendor\\laravel\\framework\\src\\Illuminate\\Container\\Container.php(615): Illuminate\\Container\\Container->resolve('blade.compiler', Array)
#4 C:\\xampp\\htdocs\\admin\\vendor\\laravel\\framework\\src\\Illuminate\\Foundation\\Application.php(767): Illuminate\\Container\\Container->make('blade.compiler', Array)
#5 C:\\xampp\\htdocs\\admin\\vendor\\laravel\\framework\\src\\Illuminate\\Container\\Container.php(1227): Illuminate\\Foundation\\Application->make('blade.compiler')
#6 C:\\xampp\\htdocs\\admin\\vendor\\laravel\\framework\\src\\Illuminate\\Support\\Facades\\Facade.php(176): Illuminate\\Container\\Container->offsetGet('blade.compiler')
#7 C:\\xampp\\htdocs\\admin\\vendor\\laravel\\framework\\src\\Illuminate\\Support\\Facades\\Facade.php(144): Illuminate\\Support\\Facades\\Facade::resolveFacadeInstance('blade.compiler')
#8 C:\\xampp\\htdocs\\admin\\vendor\\laravel\\framework\\src\\Illuminate\\Support\\Facades\\Facade.php(233): Illuminate\\Support\\Facades\\Facade::getFacadeRoot()
#9 C:\\xampp\\htdocs\\admin\\vendor\\whitecube\
ova-page\\src\\NovaPageServiceProvider.php(42): Illuminate\\Support\\Facades\\Facade::__callStatic('directive', Array)
#10 C:\\xampp\\htdocs\\admin\\vendor\\whitecube\
ova-page\\src\\NovaPageServiceProvider.php(78): Whitecube\\NovaPage\\NovaPageServiceProvider->registerBladeDirectives()
#11 [internal function]: Whitecube\\NovaPage\\NovaPageServiceProvider->boot()
#12 C:\\xampp\\htdocs\\admin\\vendor\\laravel\\framework\\src\\Illuminate\\Container\\BoundMethod.php(32): call_user_func_array(Array, Array)
#13 C:\\xampp\\htdocs\\admin\\vendor\\laravel\\framework\\src\\Illuminate\\Container\\BoundMethod.php(90): Illuminate\\Container\\BoundMethod::Illuminate\\Container\\{closure}()
#14 C:\\xampp\\htdocs\\admin\\vendor\\laravel\\framework\\src\\Illuminate\\Container\\BoundMethod.php(34): Illuminate\\Container\\BoundMethod::callBoundMethod(Object(Illuminate\\Foundation\\Application), Array, Object(Closure))
#15 C:\\xampp\\htdocs\\admin\\vendor\\laravel\\framework\\src\\Illuminate\\Container\\Container.php(576): Illuminate\\Container\\BoundMethod::call(Object(Illuminate\\Foundation\\Application), Array, Array, NULL)
#16 C:\\xampp\\htdocs\\admin\\vendor\\laravel\\framework\\src\\Illuminate\\Foundation\\Application.php(827): Illuminate\\Container\\Container->call(Array)
#17 C:\\xampp\\htdocs\\admin\\vendor\\laravel\\framework\\src\\Illuminate\\Foundation\\Application.php(810): Illuminate\\Foundation\\Application->bootProvider(Object(Whitecube\\NovaPage\\NovaPageServiceProvider))
#18 [internal function]: Illuminate\\Foundation\\Application->Illuminate\\Foundation\\{closure}(Object(Whitecube\\NovaPage\\NovaPageServiceProvider), 59)
#19 C:\\xampp\\htdocs\\admin\\vendor\\laravel\\framework\\src\\Illuminate\\Foundation\\Application.php(811): array_walk(Array, Object(Closure))
#20 C:\\xampp\\htdocs\\admin\\vendor\\laravel\\framework\\src\\Illuminate\\Foundation\\Bootstrap\\BootProviders.php(17): Illuminate\\Foundation\\Application->boot()
#21 C:\\xampp\\htdocs\\admin\\vendor\\laravel\\framework\\src\\Illuminate\\Foundation\\Application.php(210): Illuminate\\Foundation\\Bootstrap\\BootProviders->bootstrap(Object(Illuminate\\Foundation\\Application))
#22 C:\\xampp\\htdocs\\admin\\vendor\\laravel\\framework\\src\\Illuminate\\Foundation\\Console\\Kernel.php(322): Illuminate\\Foundation\\Application->bootstrapWith(Array)
#23 C:\\xampp\\htdocs\\admin\\vendor\\laravel\\framework\\src\\Illuminate\\Foundation\\Console\\Kernel.php(131): Illuminate\\Foundation\\Console\\Kernel->bootstrap()
#24 C:\\xampp\\htdocs\\admin\\artisan(37): Illuminate\\Foundation\\Console\\Kernel->handle(Object(Symfony\\Component\\Console\\Input\\ArgvInput), Object(Symfony\\Component\\Console\\Output\\ConsoleOutput))
#25 {main}
"} 
[2019-11-12 23:02:41] production.ERROR: Please provide a valid cache path. {"exception":"[object] (InvalidArgumentException(code: 0): Please provide a valid cache path. at C:\\xampp\\htdocs\\admin\\vendor\\laravel\\framework\\src\\Illuminate\\View\\Compilers\\Compiler.php:36)
[stacktrace]
#0 C:\\xampp\\htdocs\\admin\\vendor\\laravel\\framework\\src\\Illuminate\\View\\ViewServiceProvider.php(141): Illuminate\\View\\Compilers\\Compiler->__construct(Object(Illuminate\\Filesystem\\Filesystem), false)
#1 C:\\xampp\\htdocs\\admin\\vendor\\laravel\\framework\\src\\Illuminate\\Container\\Container.php(785): Illuminate\\View\\ViewServiceProvider->Illuminate\\View\\{closure}(Object(Illuminate\\Foundation\\Application), Array)
#2 C:\\xampp\\htdocs\\admin\\vendor\\laravel\\framework\\src\\Illuminate\\Container\\Container.php(667): Illuminate\\Container\\Container->build(Object(Closure))
#3 C:\\xampp\\htdocs\\admin\\vendor\\laravel\\framework\\src\\Illuminate\\Container\\Container.php(615): Illuminate\\Container\\Container->resolve('blade.compiler', Array)
#4 C:\\xampp\\htdocs\\admin\\vendor\\laravel\\framework\\src\\Illuminate\\Foundation\\Application.php(767): Illuminate\\Container\\Container->make('blade.compiler', Array)
#5 C:\\xampp\\htdocs\\admin\\vendor\\laravel\\framework\\src\\Illuminate\\Container\\Container.php(1227): Illuminate\\Foundation\\Application->make('blade.compiler')
#6 C:\\xampp\\htdocs\\admin\\vendor\\laravel\\framework\\src\\Illuminate\\Support\\Facades\\Facade.php(176): Illuminate\\Container\\Container->offsetGet('blade.compiler')
#7 C:\\xampp\\htdocs\\admin\\vendor\\laravel\\framework\\src\\Illuminate\\Support\\Facades\\Facade.php(144): Illuminate\\Support\\Facades\\Facade::resolveFacadeInstance('blade.compiler')
#8 C:\\xampp\\htdocs\\admin\\vendor\\laravel\\framework\\src\\Illuminate\\Support\\Facades\\Facade.php(233): Illuminate\\Support\\Facades\\Facade::getFacadeRoot()
#9 C:\\xampp\\htdocs\\admin\\vendor\\whitecube\
ova-page\\src\\NovaPageServiceProvider.php(42): Illuminate\\Support\\Facades\\Facade::__callStatic('directive', Array)
#10 C:\\xampp\\htdocs\\admin\\vendor\\whitecube\
ova-page\\src\\NovaPageServiceProvider.php(78): Whitecube\\NovaPage\\NovaPageServiceProvider->registerBladeDirectives()
#11 [internal function]: Whitecube\\NovaPage\\NovaPageServiceProvider->boot()
#12 C:\\xampp\\htdocs\\admin\\vendor\\laravel\\framework\\src\\Illuminate\\Container\\BoundMethod.php(32): call_user_func_array(Array, Array)
#13 C:\\xampp\\htdocs\\admin\\vendor\\laravel\\framework\\src\\Illuminate\\Container\\BoundMethod.php(90): Illuminate\\Container\\BoundMethod::Illuminate\\Container\\{closure}()
#14 C:\\xampp\\htdocs\\admin\\vendor\\laravel\\framework\\src\\Illuminate\\Container\\BoundMethod.php(34): Illuminate\\Container\\BoundMethod::callBoundMethod(Object(Illuminate\\Foundation\\Application), Array, Object(Closure))
#15 C:\\xampp\\htdocs\\admin\\vendor\\laravel\\framework\\src\\Illuminate\\Container\\Container.php(576): Illuminate\\Container\\BoundMethod::call(Object(Illuminate\\Foundation\\Application), Array, Array, NULL)
#16 C:\\xampp\\htdocs\\admin\\vendor\\laravel\\framework\\src\\Illuminate\\Foundation\\Application.php(827): Illuminate\\Container\\Container->call(Array)
#17 C:\\xampp\\htdocs\\admin\\vendor\\laravel\\framework\\src\\Illuminate\\Foundation\\Application.php(810): Illuminate\\Foundation\\Application->bootProvider(Object(Whitecube\\NovaPage\\NovaPageServiceProvider))
#18 [internal function]: Illuminate\\Foundation\\Application->Illuminate\\Foundation\\{closure}(Object(Whitecube\\NovaPage\\NovaPageServiceProvider), 59)
#19 C:\\xampp\\htdocs\\admin\\vendor\\laravel\\framework\\src\\Illuminate\\Foundation\\Application.php(811): array_walk(Array, Object(Closure))
#20 C:\\xampp\\htdocs\\admin\\vendor\\laravel\\framework\\src\\Illuminate\\Foundation\\Bootstrap\\BootProviders.php(17): Illuminate\\Foundation\\Application->boot()
#21 C:\\xampp\\htdocs\\admin\\vendor\\laravel\\framework\\src\\Illuminate\\Foundation\\Application.php(210): Illuminate\\Foundation\\Bootstrap\\BootProviders->bootstrap(Object(Illuminate\\Foundation\\Application))
#22 C:\\xampp\\htdocs\\admin\\vendor\\laravel\\framework\\src\\Illuminate\\Foundation\\Console\\Kernel.php(322): Illuminate\\Foundation\\Application->bootstrapWith(Array)
#23 C:\\xampp\\htdocs\\admin\\vendor\\laravel\\framework\\src\\Illuminate\\Foundation\\Console\\Kernel.php(131): Illuminate\\Foundation\\Console\\Kernel->bootstrap()
#24 C:\\xampp\\htdocs\\admin\\artisan(37): Illuminate\\Foundation\\Console\\Kernel->handle(Object(Symfony\\Component\\Console\\Input\\ArgvInput), Object(Symfony\\Component\\Console\\Output\\ConsoleOutput))
#25 {main}
"} 
[2019-11-12 23:02:45] production.ERROR: Please provide a valid cache path. {"exception":"[object] (InvalidArgumentException(code: 0): Please provide a valid cache path. at C:\\xampp\\htdocs\\admin\\vendor\\laravel\\framework\\src\\Illuminate\\View\\Compilers\\Compiler.php:36)
[stacktrace]
#0 C:\\xampp\\htdocs\\admin\\vendor\\laravel\\framework\\src\\Illuminate\\View\\ViewServiceProvider.php(141): Illuminate\\View\\Compilers\\Compiler->__construct(Object(Illuminate\\Filesystem\\Filesystem), false)
#1 C:\\xampp\\htdocs\\admin\\vendor\\laravel\\framework\\src\\Illuminate\\Container\\Container.php(785): Illuminate\\View\\ViewServiceProvider->Illuminate\\View\\{closure}(Object(Illuminate\\Foundation\\Application), Array)
#2 C:\\xampp\\htdocs\\admin\\vendor\\laravel\\framework\\src\\Illuminate\\Container\\Container.php(667): Illuminate\\Container\\Container->build(Object(Closure))
#3 C:\\xampp\\htdocs\\admin\\vendor\\laravel\\framework\\src\\Illuminate\\Container\\Container.php(615): Illuminate\\Container\\Container->resolve('blade.compiler', Array)
#4 C:\\xampp\\htdocs\\admin\\vendor\\laravel\\framework\\src\\Illuminate\\Foundation\\Application.php(767): Illuminate\\Container\\Container->make('blade.compiler', Array)
#5 C:\\xampp\\htdocs\\admin\\vendor\\laravel\\framework\\src\\Illuminate\\Container\\Container.php(1227): Illuminate\\Foundation\\Application->make('blade.compiler')
#6 C:\\xampp\\htdocs\\admin\\vendor\\laravel\\framework\\src\\Illuminate\\Support\\Facades\\Facade.php(176): Illuminate\\Container\\Container->offsetGet('blade.compiler')
#7 C:\\xampp\\htdocs\\admin\\vendor\\laravel\\framework\\src\\Illuminate\\Support\\Facades\\Facade.php(144): Illuminate\\Support\\Facades\\Facade::resolveFacadeInstance('blade.compiler')
#8 C:\\xampp\\htdocs\\admin\\vendor\\laravel\\framework\\src\\Illuminate\\Support\\Facades\\Facade.php(233): Illuminate\\Support\\Facades\\Facade::getFacadeRoot()
#9 C:\\xampp\\htdocs\\admin\\vendor\\whitecube\
ova-page\\src\\NovaPageServiceProvider.php(42): Illuminate\\Support\\Facades\\Facade::__callStatic('directive', Array)
#10 C:\\xampp\\htdocs\\admin\\vendor\\whitecube\
ova-page\\src\\NovaPageServiceProvider.php(78): Whitecube\\NovaPage\\NovaPageServiceProvider->registerBladeDirectives()
#11 [internal function]: Whitecube\\NovaPage\\NovaPageServiceProvider->boot()
#12 C:\\xampp\\htdocs\\admin\\vendor\\laravel\\framework\\src\\Illuminate\\Container\\BoundMethod.php(32): call_user_func_array(Array, Array)
#13 C:\\xampp\\htdocs\\admin\\vendor\\laravel\\framework\\src\\Illuminate\\Container\\BoundMethod.php(90): Illuminate\\Container\\BoundMethod::Illuminate\\Container\\{closure}()
#14 C:\\xampp\\htdocs\\admin\\vendor\\laravel\\framework\\src\\Illuminate\\Container\\BoundMethod.php(34): Illuminate\\Container\\BoundMethod::callBoundMethod(Object(Illuminate\\Foundation\\Application), Array, Object(Closure))
#15 C:\\xampp\\htdocs\\admin\\vendor\\laravel\\framework\\src\\Illuminate\\Container\\Container.php(576): Illuminate\\Container\\BoundMethod::call(Object(Illuminate\\Foundation\\Application), Array, Array, NULL)
#16 C:\\xampp\\htdocs\\admin\\vendor\\laravel\\framework\\src\\Illuminate\\Foundation\\Application.php(827): Illuminate\\Container\\Container->call(Array)
#17 C:\\xampp\\htdocs\\admin\\vendor\\laravel\\framework\\src\\Illuminate\\Foundation\\Application.php(810): Illuminate\\Foundation\\Application->bootProvider(Object(Whitecube\\NovaPage\\NovaPageServiceProvider))
#18 [internal function]: Illuminate\\Foundation\\Application->Illuminate\\Foundation\\{closure}(Object(Whitecube\\NovaPage\\NovaPageServiceProvider), 59)
#19 C:\\xampp\\htdocs\\admin\\vendor\\laravel\\framework\\src\\Illuminate\\Foundation\\Application.php(811): array_walk(Array, Object(Closure))
#20 C:\\xampp\\htdocs\\admin\\vendor\\laravel\\framework\\src\\Illuminate\\Foundation\\Bootstrap\\BootProviders.php(17): Illuminate\\Foundation\\Application->boot()
#21 C:\\xampp\\htdocs\\admin\\vendor\\laravel\\framework\\src\\Illuminate\\Foundation\\Application.php(210): Illuminate\\Foundation\\Bootstrap\\BootProviders->bootstrap(Object(Illuminate\\Foundation\\Application))
#22 C:\\xampp\\htdocs\\admin\\vendor\\laravel\\framework\\src\\Illuminate\\Foundation\\Console\\Kernel.php(322): Illuminate\\Foundation\\Application->bootstrapWith(Array)
#23 C:\\xampp\\htdocs\\admin\\vendor\\laravel\\framework\\src\\Illuminate\\Foundation\\Console\\Kernel.php(131): Illuminate\\Foundation\\Console\\Kernel->bootstrap()
#24 C:\\xampp\\htdocs\\admin\\artisan(37): Illuminate\\Foundation\\Console\\Kernel->handle(Object(Symfony\\Component\\Console\\Input\\ArgvInput), Object(Symfony\\Component\\Console\\Output\\ConsoleOutput))
#25 {main}
"} 
[2019-11-12 23:03:50] production.ERROR: Please provide a valid cache path. {"exception":"[object] (InvalidArgumentException(code: 0): Please provide a valid cache path. at C:\\xampp\\htdocs\\admin\\vendor\\laravel\\framework\\src\\Illuminate\\View\\Compilers\\Compiler.php:36)
[stacktrace]
#0 C:\\xampp\\htdocs\\admin\\vendor\\laravel\\framework\\src\\Illuminate\\View\\ViewServiceProvider.php(141): Illuminate\\View\\Compilers\\Compiler->__construct(Object(Illuminate\\Filesystem\\Filesystem), false)
#1 C:\\xampp\\htdocs\\admin\\vendor\\laravel\\framework\\src\\Illuminate\\Container\\Container.php(785): Illuminate\\View\\ViewServiceProvider->Illuminate\\View\\{closure}(Object(Illuminate\\Foundation\\Application), Array)
#2 C:\\xampp\\htdocs\\admin\\vendor\\laravel\\framework\\src\\Illuminate\\Container\\Container.php(667): Illuminate\\Container\\Container->build(Object(Closure))
#3 C:\\xampp\\htdocs\\admin\\vendor\\laravel\\framework\\src\\Illuminate\\Container\\Container.php(615): Illuminate\\Container\\Container->resolve('blade.compiler', Array)
#4 C:\\xampp\\htdocs\\admin\\vendor\\laravel\\framework\\src\\Illuminate\\Foundation\\Application.php(767): Illuminate\\Container\\Container->make('blade.compiler', Array)
#5 C:\\xampp\\htdocs\\admin\\vendor\\laravel\\framework\\src\\Illuminate\\Container\\Container.php(1227): Illuminate\\Foundation\\Application->make('blade.compiler')
#6 C:\\xampp\\htdocs\\admin\\vendor\\laravel\\framework\\src\\Illuminate\\Support\\Facades\\Facade.php(176): Illuminate\\Container\\Container->offsetGet('blade.compiler')
#7 C:\\xampp\\htdocs\\admin\\vendor\\laravel\\framework\\src\\Illuminate\\Support\\Facades\\Facade.php(144): Illuminate\\Support\\Facades\\Facade::resolveFacadeInstance('blade.compiler')
#8 C:\\xampp\\htdocs\\admin\\vendor\\laravel\\framework\\src\\Illuminate\\Support\\Facades\\Facade.php(233): Illuminate\\Support\\Facades\\Facade::getFacadeRoot()
#9 C:\\xampp\\htdocs\\admin\\vendor\\whitecube\
ova-page\\src\\NovaPageServiceProvider.php(42): Illuminate\\Support\\Facades\\Facade::__callStatic('directive', Array)
#10 C:\\xampp\\htdocs\\admin\\vendor\\whitecube\
ova-page\\src\\NovaPageServiceProvider.php(78): Whitecube\\NovaPage\\NovaPageServiceProvider->registerBladeDirectives()
#11 [internal function]: Whitecube\\NovaPage\\NovaPageServiceProvider->boot()
#12 C:\\xampp\\htdocs\\admin\\vendor\\laravel\\framework\\src\\Illuminate\\Container\\BoundMethod.php(32): call_user_func_array(Array, Array)
#13 C:\\xampp\\htdocs\\admin\\vendor\\laravel\\framework\\src\\Illuminate\\Container\\BoundMethod.php(90): Illuminate\\Container\\BoundMethod::Illuminate\\Container\\{closure}()
#14 C:\\xampp\\htdocs\\admin\\vendor\\laravel\\framework\\src\\Illuminate\\Container\\BoundMethod.php(34): Illuminate\\Container\\BoundMethod::callBoundMethod(Object(Illuminate\\Foundation\\Application), Array, Object(Closure))
#15 C:\\xampp\\htdocs\\admin\\vendor\\laravel\\framework\\src\\Illuminate\\Container\\Container.php(576): Illuminate\\Container\\BoundMethod::call(Object(Illuminate\\Foundation\\Application), Array, Array, NULL)
#16 C:\\xampp\\htdocs\\admin\\vendor\\laravel\\framework\\src\\Illuminate\\Foundation\\Application.php(827): Illuminate\\Container\\Container->call(Array)
#17 C:\\xampp\\htdocs\\admin\\vendor\\laravel\\framework\\src\\Illuminate\\Foundation\\Application.php(810): Illuminate\\Foundation\\Application->bootProvider(Object(Whitecube\\NovaPage\\NovaPageServiceProvider))
#18 [internal function]: Illuminate\\Foundation\\Application->Illuminate\\Foundation\\{closure}(Object(Whitecube\\NovaPage\\NovaPageServiceProvider), 59)
#19 C:\\xampp\\htdocs\\admin\\vendor\\laravel\\framework\\src\\Illuminate\\Foundation\\Application.php(811): array_walk(Array, Object(Closure))
#20 C:\\xampp\\htdocs\\admin\\vendor\\laravel\\framework\\src\\Illuminate\\Foundation\\Bootstrap\\BootProviders.php(17): Illuminate\\Foundation\\Application->boot()
#21 C:\\xampp\\htdocs\\admin\\vendor\\laravel\\framework\\src\\Illuminate\\Foundation\\Application.php(210): Illuminate\\Foundation\\Bootstrap\\BootProviders->bootstrap(Object(Illuminate\\Foundation\\Application))
#22 C:\\xampp\\htdocs\\admin\\vendor\\laravel\\framework\\src\\Illuminate\\Foundation\\Console\\Kernel.php(322): Illuminate\\Foundation\\Application->bootstrapWith(Array)
#23 C:\\xampp\\htdocs\\admin\\vendor\\laravel\\framework\\src\\Illuminate\\Foundation\\Console\\Kernel.php(131): Illuminate\\Foundation\\Console\\Kernel->bootstrap()
#24 C:\\xampp\\htdocs\\admin\\artisan(37): Illuminate\\Foundation\\Console\\Kernel->handle(Object(Symfony\\Component\\Console\\Input\\ArgvInput), Object(Symfony\\Component\\Console\\Output\\ConsoleOutput))
#25 {main}
"} 
[2019-11-13 08:17:14] production.ERROR: Argument 1 passed to App\CustomNamingStrategy::name() must be of the type string, null given, called in C:\xampp\htdocs\admin\vendor\infinety-es\nova-filemanager\src\Http\Services\FileManagerService.php on line 177 {"userId":1,"exception":"[object] (Symfony\\Component\\Debug\\Exception\\FatalThrowableError(code: 0): Argument 1 passed to App\\CustomNamingStrategy::name() must be of the type string, null given, called in C:\\xampp\\htdocs\\admin\\vendor\\infinety-es\
ova-filemanager\\src\\Http\\Services\\FileManagerService.php on line 177 at C:\\xampp\\htdocs\\admin\\app\\CustomNamingStrategy.php:10)
[stacktrace]
#0 C:\\xampp\\htdocs\\admin\\vendor\\infinety-es\
ova-filemanager\\src\\Http\\Services\\FileManagerService.php(177): App\\CustomNamingStrategy->name(NULL, Object(Illuminate\\Http\\UploadedFile))
#1 C:\\xampp\\htdocs\\admin\\vendor\\infinety-es\
ova-filemanager\\src\\Http\\Controllers\\FilemanagerToolController.php(64): Infinety\\Filemanager\\Http\\Services\\FileManagerService->uploadFile(Object(Illuminate\\Http\\UploadedFile), NULL, 'public')
#2 [internal function]: Infinety\\Filemanager\\Http\\Controllers\\FilemanagerToolController->upload(Object(Illuminate\\Http\\Request))
#3 C:\\xampp\\htdocs\\admin\\vendor\\laravel\\framework\\src\\Illuminate\\Routing\\Controller.php(54): call_user_func_array(Array, Array)
#4 C:\\xampp\\htdocs\\admin\\vendor\\laravel\\framework\\src\\Illuminate\\Routing\\ControllerDispatcher.php(45): Illuminate\\Routing\\Controller->callAction('upload', Array)
#5 C:\\xampp\\htdocs\\admin\\vendor\\laravel\\framework\\src\\Illuminate\\Routing\\Route.php(219): Illuminate\\Routing\\ControllerDispatcher->dispatch(Object(Illuminate\\Routing\\Route), Object(Infinety\\Filemanager\\Http\\Controllers\\FilemanagerToolController), 'upload')
#6 C:\\xampp\\htdocs\\admin\\vendor\\laravel\\framework\\src\\Illuminate\\Routing\\Route.php(176): Illuminate\\Routing\\Route->runController()
#7 C:\\xampp\\htdocs\\admin\\vendor\\laravel\\framework\\src\\Illuminate\\Routing\\Router.php(680): Illuminate\\Routing\\Route->run()
#8 C:\\xampp\\htdocs\\admin\\vendor\\laravel\\framework\\src\\Illuminate\\Routing\\Pipeline.php(30): Illuminate\\Routing\\Router->Illuminate\\Routing\\{closure}(Object(Illuminate\\Http\\Request))
#9 C:\\xampp\\htdocs\\admin\\vendor\\infinety-es\
ova-filemanager\\src\\Http\\Middleware\\Authorize.php(19): Illuminate\\Routing\\Pipeline->Illuminate\\Routing\\{closure}(Object(Illuminate\\Http\\Request))
#10 C:\\xampp\\htdocs\\admin\\vendor\\laravel\\framework\\src\\Illuminate\\Pipeline\\Pipeline.php(163): Infinety\\Filemanager\\Http\\Middleware\\Authorize->handle(Object(Illuminate\\Http\\Request), Object(Closure))
#11 C:\\xampp\\htdocs\\admin\\vendor\\laravel\\framework\\src\\Illuminate\\Routing\\Pipeline.php(53): Illuminate\\Pipeline\\Pipeline->Illuminate\\Pipeline\\{closure}(Object(Illuminate\\Http\\Request))
#12 C:\\xampp\\htdocs\\admin\\vendor\\laravel\
ova\\src\\Http\\Middleware\\BootTools.php(20): Illuminate\\Routing\\Pipeline->Illuminate\\Routing\\{closure}(Object(Illuminate\\Http\\Request))
#13 C:\\xampp\\htdocs\\admin\\vendor\\laravel\\framework\\src\\Illuminate\\Pipeline\\Pipeline.php(163): Laravel\\Nova\\Http\\Middleware\\BootTools->handle(Object(Illuminate\\Http\\Request), Object(Closure))
#14 C:\\xampp\\htdocs\\admin\\vendor\\laravel\\framework\\src\\Illuminate\\Routing\\Pipeline.php(53): Illuminate\\Pipeline\\Pipeline->Illuminate\\Pipeline\\{closure}(Object(Illuminate\\Http\\Request))
#15 C:\\xampp\\htdocs\\admin\\vendor\\laravel\
ova\\src\\Http\\Middleware\\DispatchServingNovaEvent.php(20): Illuminate\\Routing\\Pipeline->Illuminate\\Routing\\{closure}(Object(Illuminate\\Http\\Request))
#16 C:\\xampp\\htdocs\\admin\\vendor\\laravel\\framework\\src\\Illuminate\\Pipeline\\Pipeline.php(163): Laravel\\Nova\\Http\\Middleware\\DispatchServingNovaEvent->handle(Object(Illuminate\\Http\\Request), Object(Closure))
#17 C:\\xampp\\htdocs\\admin\\vendor\\laravel\\framework\\src\\Illuminate\\Routing\\Pipeline.php(53): Illuminate\\Pipeline\\Pipeline->Illuminate\\Pipeline\\{closure}(Object(Illuminate\\Http\\Request))
#18 C:\\xampp\\htdocs\\admin\\vendor\\laravel\\framework\\src\\Illuminate\\Auth\\Middleware\\Authenticate.php(43): Illuminate\\Routing\\Pipeline->Illuminate\\Routing\\{closure}(Object(Illuminate\\Http\\Request))
#19 C:\\xampp\\htdocs\\admin\\vendor\\laravel\
ova\\src\\Http\\Middleware\\Authenticate.php(31): Illuminate\\Auth\\Middleware\\Authenticate->handle(Object(Illuminate\\Http\\Request), Object(Closure))
#20 C:\\xampp\\htdocs\\admin\\vendor\\laravel\\framework\\src\\Illuminate\\Pipeline\\Pipeline.php(163): Laravel\\Nova\\Http\\Middleware\\Authenticate->handle(Object(Illuminate\\Http\\Request), Object(Closure))
#21 C:\\xampp\\htdocs\\admin\\vendor\\laravel\\framework\\src\\Illuminate\\Routing\\Pipeline.php(53): Illuminate\\Pipeline\\Pipeline->Illuminate\\Pipeline\\{closure}(Object(Illuminate\\Http\\Request))
#22 C:\\xampp\\htdocs\\admin\\vendor\\laravel\\framework\\src\\Illuminate\\Routing\\Middleware\\SubstituteBindings.php(41): Illuminate\\Routing\\Pipeline->Illuminate\\Routing\\{closure}(Object(Illuminate\\Http\\Request))
#23 C:\\xampp\\htdocs\\admin\\vendor\\laravel\\framework\\src\\Illuminate\\Pipeline\\Pipeline.php(163): Illuminate\\Routing\\Middleware\\SubstituteBindings->handle(Object(Illuminate\\Http\\Request), Object(Closure))
#24 C:\\xampp\\htdocs\\admin\\vendor\\laravel\\framework\\src\\Illuminate\\Routing\\Pipeline.php(53): Illuminate\\Pipeline\\Pipeline->Illuminate\\Pipeline\\{closure}(Object(Illuminate\\Http\\Request))
#25 C:\\xampp\\htdocs\\admin\\vendor\\laravel\\framework\\src\\Illuminate\\Foundation\\Http\\Middleware\\VerifyCsrfToken.php(75): Illuminate\\Routing\\Pipeline->Illuminate\\Routing\\{closure}(Object(Illuminate\\Http\\Request))
#26 C:\\xampp\\htdocs\\admin\\vendor\\laravel\\framework\\src\\Illuminate\\Pipeline\\Pipeline.php(163): Illuminate\\Foundation\\Http\\Middleware\\VerifyCsrfToken->handle(Object(Illuminate\\Http\\Request), Object(Closure))
#27 C:\\xampp\\htdocs\\admin\\vendor\\laravel\\framework\\src\\Illuminate\\Routing\\Pipeline.php(53): Illuminate\\Pipeline\\Pipeline->Illuminate\\Pipeline\\{closure}(Object(Illuminate\\Http\\Request))
#28 C:\\xampp\\htdocs\\admin\\vendor\\laravel\\framework\\src\\Illuminate\\View\\Middleware\\ShareErrorsFromSession.php(49): Illuminate\\Routing\\Pipeline->Illuminate\\Routing\\{closure}(Object(Illuminate\\Http\\Request))
#29 C:\\xampp\\htdocs\\admin\\vendor\\laravel\\framework\\src\\Illuminate\\Pipeline\\Pipeline.php(163): Illuminate\\View\\Middleware\\ShareErrorsFromSession->handle(Object(Illuminate\\Http\\Request), Object(Closure))
#30 C:\\xampp\\htdocs\\admin\\vendor\\laravel\\framework\\src\\Illuminate\\Routing\\Pipeline.php(53): Illuminate\\Pipeline\\Pipeline->Illuminate\\Pipeline\\{closure}(Object(Illuminate\\Http\\Request))
#31 C:\\xampp\\htdocs\\admin\\vendor\\laravel\\framework\\src\\Illuminate\\Session\\Middleware\\StartSession.php(56): Illuminate\\Routing\\Pipeline->Illuminate\\Routing\\{closure}(Object(Illuminate\\Http\\Request))
#32 C:\\xampp\\htdocs\\admin\\vendor\\laravel\\framework\\src\\Illuminate\\Pipeline\\Pipeline.php(163): Illuminate\\Session\\Middleware\\StartSession->handle(Object(Illuminate\\Http\\Request), Object(Closure))
#33 C:\\xampp\\htdocs\\admin\\vendor\\laravel\\framework\\src\\Illuminate\\Routing\\Pipeline.php(53): Illuminate\\Pipeline\\Pipeline->Illuminate\\Pipeline\\{closure}(Object(Illuminate\\Http\\Request))
#34 C:\\xampp\\htdocs\\admin\\vendor\\laravel\\framework\\src\\Illuminate\\Cookie\\Middleware\\AddQueuedCookiesToResponse.php(37): Illuminate\\Routing\\Pipeline->Illuminate\\Routing\\{closure}(Object(Illuminate\\Http\\Request))
#35 C:\\xampp\\htdocs\\admin\\vendor\\laravel\\framework\\src\\Illuminate\\Pipeline\\Pipeline.php(163): Illuminate\\Cookie\\Middleware\\AddQueuedCookiesToResponse->handle(Object(Illuminate\\Http\\Request), Object(Closure))
#36 C:\\xampp\\htdocs\\admin\\vendor\\laravel\\framework\\src\\Illuminate\\Routing\\Pipeline.php(53): Illuminate\\Pipeline\\Pipeline->Illuminate\\Pipeline\\{closure}(Object(Illuminate\\Http\\Request))
#37 C:\\xampp\\htdocs\\admin\\vendor\\laravel\\framework\\src\\Illuminate\\Cookie\\Middleware\\EncryptCookies.php(66): Illuminate\\Routing\\Pipeline->Illuminate\\Routing\\{closure}(Object(Illuminate\\Http\\Request))
#38 C:\\xampp\\htdocs\\admin\\vendor\\laravel\\framework\\src\\Illuminate\\Pipeline\\Pipeline.php(163): Illuminate\\Cookie\\Middleware\\EncryptCookies->handle(Object(Illuminate\\Http\\Request), Object(Closure))
#39 C:\\xampp\\htdocs\\admin\\vendor\\laravel\\framework\\src\\Illuminate\\Routing\\Pipeline.php(53): Illuminate\\Pipeline\\Pipeline->Illuminate\\Pipeline\\{closure}(Object(Illuminate\\Http\\Request))
#40 C:\\xampp\\htdocs\\admin\\vendor\\laravel\\framework\\src\\Illuminate\\Pipeline\\Pipeline.php(104): Illuminate\\Routing\\Pipeline->Illuminate\\Routing\\{closure}(Object(Illuminate\\Http\\Request))
#41 C:\\xampp\\htdocs\\admin\\vendor\\laravel\\framework\\src\\Illuminate\\Routing\\Router.php(682): Illuminate\\Pipeline\\Pipeline->then(Object(Closure))
#42 C:\\xampp\\htdocs\\admin\\vendor\\laravel\\framework\\src\\Illuminate\\Routing\\Router.php(657): Illuminate\\Routing\\Router->runRouteWithinStack(Object(Illuminate\\Routing\\Route), Object(Illuminate\\Http\\Request))
#43 C:\\xampp\\htdocs\\admin\\vendor\\laravel\\framework\\src\\Illuminate\\Routing\\Router.php(623): Illuminate\\Routing\\Router->runRoute(Object(Illuminate\\Http\\Request), Object(Illuminate\\Routing\\Route))
#44 C:\\xampp\\htdocs\\admin\\vendor\\laravel\\framework\\src\\Illuminate\\Routing\\Router.php(612): Illuminate\\Routing\\Router->dispatchToRoute(Object(Illuminate\\Http\\Request))
#45 C:\\xampp\\htdocs\\admin\\vendor\\laravel\\framework\\src\\Illuminate\\Foundation\\Http\\Kernel.php(176): Illuminate\\Routing\\Router->dispatch(Object(Illuminate\\Http\\Request))
#46 C:\\xampp\\htdocs\\admin\\vendor\\laravel\\framework\\src\\Illuminate\\Routing\\Pipeline.php(30): Illuminate\\Foundation\\Http\\Kernel->Illuminate\\Foundation\\Http\\{closure}(Object(Illuminate\\Http\\Request))
#47 C:\\xampp\\htdocs\\admin\\vendor\\laravel\
ova\\src\\Http\\Middleware\\ServeNova.php(26): Illuminate\\Routing\\Pipeline->Illuminate\\Routing\\{closure}(Object(Illuminate\\Http\\Request))
#48 C:\\xampp\\htdocs\\admin\\vendor\\laravel\\framework\\src\\Illuminate\\Pipeline\\Pipeline.php(163): Laravel\\Nova\\Http\\Middleware\\ServeNova->handle(Object(Illuminate\\Http\\Request), Object(Closure))
#49 C:\\xampp\\htdocs\\admin\\vendor\\laravel\\framework\\src\\Illuminate\\Routing\\Pipeline.php(53): Illuminate\\Pipeline\\Pipeline->Illuminate\\Pipeline\\{closure}(Object(Illuminate\\Http\\Request))
#50 C:\\xampp\\htdocs\\admin\\vendor\\barryvdh\\laravel-debugbar\\src\\Middleware\\InjectDebugbar.php(58): Illuminate\\Routing\\Pipeline->Illuminate\\Routing\\{closure}(Object(Illuminate\\Http\\Request))
#51 C:\\xampp\\htdocs\\admin\\vendor\\laravel\\framework\\src\\Illuminate\\Pipeline\\Pipeline.php(163): Barryvdh\\Debugbar\\Middleware\\InjectDebugbar->handle(Object(Illuminate\\Http\\Request), Object(Closure))
#52 C:\\xampp\\htdocs\\admin\\vendor\\laravel\\framework\\src\\Illuminate\\Routing\\Pipeline.php(53): Illuminate\\Pipeline\\Pipeline->Illuminate\\Pipeline\\{closure}(Object(Illuminate\\Http\\Request))
#53 C:\\xampp\\htdocs\\admin\\vendor\\barryvdh\\laravel-cors\\src\\HandleCors.php(36): Illuminate\\Routing\\Pipeline->Illuminate\\Routing\\{closure}(Object(Illuminate\\Http\\Request))
#54 C:\\xampp\\htdocs\\admin\\vendor\\laravel\\framework\\src\\Illuminate\\Pipeline\\Pipeline.php(163): Barryvdh\\Cors\\HandleCors->handle(Object(Illuminate\\Http\\Request), Object(Closure))
#55 C:\\xampp\\htdocs\\admin\\vendor\\laravel\\framework\\src\\Illuminate\\Routing\\Pipeline.php(53): Illuminate\\Pipeline\\Pipeline->Illuminate\\Pipeline\\{closure}(Object(Illuminate\\Http\\Request))
#56 C:\\xampp\\htdocs\\admin\\vendor\\fideloper\\proxy\\src\\TrustProxies.php(57): Illuminate\\Routing\\Pipeline->Illuminate\\Routing\\{closure}(Object(Illuminate\\Http\\Request))
#57 C:\\xampp\\htdocs\\admin\\vendor\\laravel\\framework\\src\\Illuminate\\Pipeline\\Pipeline.php(163): Fideloper\\Proxy\\TrustProxies->handle(Object(Illuminate\\Http\\Request), Object(Closure))
#58 C:\\xampp\\htdocs\\admin\\vendor\\laravel\\framework\\src\\Illuminate\\Routing\\Pipeline.php(53): Illuminate\\Pipeline\\Pipeline->Illuminate\\Pipeline\\{closure}(Object(Illuminate\\Http\\Request))
#59 C:\\xampp\\htdocs\\admin\\vendor\\laravel\\framework\\src\\Illuminate\\Foundation\\Http\\Middleware\\TransformsRequest.php(21): Illuminate\\Routing\\Pipeline->Illuminate\\Routing\\{closure}(Object(Illuminate\\Http\\Request))
#60 C:\\xampp\\htdocs\\admin\\vendor\\laravel\\framework\\src\\Illuminate\\Pipeline\\Pipeline.php(163): Illuminate\\Foundation\\Http\\Middleware\\TransformsRequest->handle(Object(Illuminate\\Http\\Request), Object(Closure))
#61 C:\\xampp\\htdocs\\admin\\vendor\\laravel\\framework\\src\\Illuminate\\Routing\\Pipeline.php(53): Illuminate\\Pipeline\\Pipeline->Illuminate\\Pipeline\\{closure}(Object(Illuminate\\Http\\Request))
#62 C:\\xampp\\htdocs\\admin\\vendor\\laravel\\framework\\src\\Illuminate\\Foundation\\Http\\Middleware\\TransformsRequest.php(21): Illuminate\\Routing\\Pipeline->Illuminate\\Routing\\{closure}(Object(Illuminate\\Http\\Request))
#63 C:\\xampp\\htdocs\\admin\\vendor\\laravel\\framework\\src\\Illuminate\\Pipeline\\Pipeline.php(163): Illuminate\\Foundation\\Http\\Middleware\\TransformsRequest->handle(Object(Illuminate\\Http\\Request), Object(Closure))
#64 C:\\xampp\\htdocs\\admin\\vendor\\laravel\\framework\\src\\Illuminate\\Routing\\Pipeline.php(53): Illuminate\\Pipeline\\Pipeline->Illuminate\\Pipeline\\{closure}(Object(Illuminate\\Http\\Request))
#65 C:\\xampp\\htdocs\\admin\\vendor\\laravel\\framework\\src\\Illuminate\\Foundation\\Http\\Middleware\\ValidatePostSize.php(27): Illuminate\\Routing\\Pipeline->Illuminate\\Routing\\{closure}(Object(Illuminate\\Http\\Request))
#66 C:\\xampp\\htdocs\\admin\\vendor\\laravel\\framework\\src\\Illuminate\\Pipeline\\Pipeline.php(163): Illuminate\\Foundation\\Http\\Middleware\\ValidatePostSize->handle(Object(Illuminate\\Http\\Request), Object(Closure))
#67 C:\\xampp\\htdocs\\admin\\vendor\\laravel\\framework\\src\\Illuminate\\Routing\\Pipeline.php(53): Illuminate\\Pipeline\\Pipeline->Illuminate\\Pipeline\\{closure}(Object(Illuminate\\Http\\Request))
#68 C:\\xampp\\htdocs\\admin\\vendor\\laravel\\framework\\src\\Illuminate\\Foundation\\Http\\Middleware\\CheckForMaintenanceMode.php(62): Illuminate\\Routing\\Pipeline->Illuminate\\Routing\\{closure}(Object(Illuminate\\Http\\Request))
#69 C:\\xampp\\htdocs\\admin\\vendor\\laravel\\framework\\src\\Illuminate\\Pipeline\\Pipeline.php(163): Illuminate\\Foundation\\Http\\Middleware\\CheckForMaintenanceMode->handle(Object(Illuminate\\Http\\Request), Object(Closure))
#70 C:\\xampp\\htdocs\\admin\\vendor\\laravel\\framework\\src\\Illuminate\\Routing\\Pipeline.php(53): Illuminate\\Pipeline\\Pipeline->Illuminate\\Pipeline\\{closure}(Object(Illuminate\\Http\\Request))
#71 C:\\xampp\\htdocs\\admin\\vendor\\laravel\\framework\\src\\Illuminate\\Pipeline\\Pipeline.php(104): Illuminate\\Routing\\Pipeline->Illuminate\\Routing\\{closure}(Object(Illuminate\\Http\\Request))
#72 C:\\xampp\\htdocs\\admin\\vendor\\laravel\\framework\\src\\Illuminate\\Foundation\\Http\\Kernel.php(151): Illuminate\\Pipeline\\Pipeline->then(Object(Closure))
#73 C:\\xampp\\htdocs\\admin\\vendor\\laravel\\framework\\src\\Illuminate\\Foundation\\Http\\Kernel.php(116): Illuminate\\Foundation\\Http\\Kernel->sendRequestThroughRouter(Object(Illuminate\\Http\\Request))
#74 C:\\xampp\\htdocs\\admin\\public\\index.php(55): Illuminate\\Foundation\\Http\\Kernel->handle(Object(Illuminate\\Http\\Request))
#75 C:\\xampp\\htdocs\\admin\\server.php(21): require_once('C:\\\\xampp\\\\htdocs...')
#76 {main}
"} 
[2019-11-13 08:18:39] production.ERROR: File `C:\xampp\tmp/phpAE1F.tmp` has a size of 29.36 MB which is greater than the maximum allowed 10 MB {"userId":1,"exception":"[object] (Spatie\\MediaLibrary\\Exceptions\\FileCannotBeAdded\\FileIsTooBig(code: 0): File `C:\\xampp\\tmp/phpAE1F.tmp` has a size of 29.36 MB which is greater than the maximum allowed 10 MB at C:\\xampp\\htdocs\\admin\\vendor\\spatie\\laravel-medialibrary\\src\\Exceptions\\FileCannotBeAdded\\FileIsTooBig.php:16)
[stacktrace]
#0 C:\\xampp\\htdocs\\admin\\vendor\\spatie\\laravel-medialibrary\\src\\FileAdder\\FileAdder.php(216): Spatie\\MediaLibrary\\Exceptions\\FileCannotBeAdded\\FileIsTooBig::create('C:\\\\xampp\\\\tmp/ph...')
#1 C:\\xampp\\htdocs\\admin\\vendor\\ebess\\advanced-nova-media-library\\src\\Fields\\Media.php(184): Spatie\\MediaLibrary\\FileAdder\\FileAdder->toMediaCollection('media')
#2 [internal function]: Ebess\\AdvancedNovaMediaLibrary\\Fields\\Media->Ebess\\AdvancedNovaMediaLibrary\\Fields\\{closure}(Object(Illuminate\\Http\\UploadedFile), 1)
#3 C:\\xampp\\htdocs\\admin\\vendor\\laravel\\framework\\src\\Illuminate\\Support\\Collection.php(1120): array_map(Object(Closure), Array, Array)
#4 C:\\xampp\\htdocs\\admin\\vendor\\ebess\\advanced-nova-media-library\\src\\Fields\\Media.php(190): Illuminate\\Support\\Collection->map(Object(Closure))
#5 C:\\xampp\\htdocs\\admin\\vendor\\ebess\\advanced-nova-media-library\\src\\Fields\\Media.php(145): Ebess\\AdvancedNovaMediaLibrary\\Fields\\Media->addNewMedia(Object(Laravel\\Nova\\Http\\Requests\\UpdateResourceRequest), Array, Object(App\\Models\\Apartment), 'media')
#6 C:\\xampp\\htdocs\\admin\\vendor\\ebess\\advanced-nova-media-library\\src\\Fields\\Media.php(135): Ebess\\AdvancedNovaMediaLibrary\\Fields\\Media->handleMedia(Object(Laravel\\Nova\\Http\\Requests\\UpdateResourceRequest), Object(App\\Models\\Apartment), 'media', Array)
#7 C:\\xampp\\htdocs\\admin\\vendor\\laravel\\framework\\src\\Illuminate\\Support\\HigherOrderCollectionProxy.php(60): Ebess\\AdvancedNovaMediaLibrary\\Fields\\Media->Ebess\\AdvancedNovaMediaLibrary\\Fields\\{closure}()
#8 C:\\xampp\\htdocs\\admin\\vendor\\laravel\\framework\\src\\Illuminate\\Support\\HigherOrderCollectionProxy.php(60): Closure->__invoke()
#9 C:\\xampp\\htdocs\\admin\\vendor\\laravel\\framework\\src\\Illuminate\\Support\\Collection.php(475): Illuminate\\Support\\HigherOrderCollectionProxy->Illuminate\\Support\\{closure}(Object(Closure), 0)
#10 C:\\xampp\\htdocs\\admin\\vendor\\laravel\\framework\\src\\Illuminate\\Support\\HigherOrderCollectionProxy.php(61): Illuminate\\Support\\Collection->each(Object(Closure))
#11 C:\\xampp\\htdocs\\admin\\vendor\\laravel\
ova\\src\\Http\\Controllers\\ResourceUpdateController.php(40): Illuminate\\Support\\HigherOrderCollectionProxy->__call('__invoke', Array)
#12 C:\\xampp\\htdocs\\admin\\vendor\\laravel\\framework\\src\\Illuminate\\Database\\Concerns\\ManagesTransactions.php(29): Laravel\\Nova\\Http\\Controllers\\ResourceUpdateController->Laravel\\Nova\\Http\\Controllers\\{closure}(Object(Illuminate\\Database\\MySqlConnection))
#13 C:\\xampp\\htdocs\\admin\\vendor\\laravel\\framework\\src\\Illuminate\\Database\\DatabaseManager.php(349): Illuminate\\Database\\Connection->transaction(Object(Closure))
#14 C:\\xampp\\htdocs\\admin\\vendor\\laravel\\framework\\src\\Illuminate\\Support\\Facades\\Facade.php(239): Illuminate\\Database\\DatabaseManager->__call('transaction', Array)
#15 C:\\xampp\\htdocs\\admin\\vendor\\laravel\
ova\\src\\Http\\Controllers\\ResourceUpdateController.php(43): Illuminate\\Support\\Facades\\Facade::__callStatic('transaction', Array)
#16 [internal function]: Laravel\\Nova\\Http\\Controllers\\ResourceUpdateController->handle(Object(Laravel\\Nova\\Http\\Requests\\UpdateResourceRequest), 'apartments', '97')
#17 C:\\xampp\\htdocs\\admin\\vendor\\laravel\\framework\\src\\Illuminate\\Routing\\Controller.php(54): call_user_func_array(Array, Array)
#18 C:\\xampp\\htdocs\\admin\\vendor\\laravel\\framework\\src\\Illuminate\\Routing\\ControllerDispatcher.php(45): Illuminate\\Routing\\Controller->callAction('handle', Array)
#19 C:\\xampp\\htdocs\\admin\\vendor\\laravel\\framework\\src\\Illuminate\\Routing\\Route.php(219): Illuminate\\Routing\\ControllerDispatcher->dispatch(Object(Illuminate\\Routing\\Route), Object(Laravel\\Nova\\Http\\Controllers\\ResourceUpdateController), 'handle')
#20 C:\\xampp\\htdocs\\admin\\vendor\\laravel\\framework\\src\\Illuminate\\Routing\\Route.php(176): Illuminate\\Routing\\Route->runController()
#21 C:\\xampp\\htdocs\\admin\\vendor\\laravel\\framework\\src\\Illuminate\\Routing\\Router.php(680): Illuminate\\Routing\\Route->run()
#22 C:\\xampp\\htdocs\\admin\\vendor\\laravel\\framework\\src\\Illuminate\\Routing\\Pipeline.php(30): Illuminate\\Routing\\Router->Illuminate\\Routing\\{closure}(Object(Illuminate\\Http\\Request))
#23 C:\\xampp\\htdocs\\admin\\vendor\\laravel\
ova\\src\\Http\\Middleware\\BootTools.php(20): Illuminate\\Routing\\Pipeline->Illuminate\\Routing\\{closure}(Object(Illuminate\\Http\\Request))
#24 C:\\xampp\\htdocs\\admin\\vendor\\laravel\\framework\\src\\Illuminate\\Pipeline\\Pipeline.php(163): Laravel\\Nova\\Http\\Middleware\\BootTools->handle(Object(Illuminate\\Http\\Request), Object(Closure))
#25 C:\\xampp\\htdocs\\admin\\vendor\\laravel\\framework\\src\\Illuminate\\Routing\\Pipeline.php(53): Illuminate\\Pipeline\\Pipeline->Illuminate\\Pipeline\\{closure}(Object(Illuminate\\Http\\Request))
#26 C:\\xampp\\htdocs\\admin\\vendor\\laravel\
ova\\src\\Http\\Middleware\\DispatchServingNovaEvent.php(20): Illuminate\\Routing\\Pipeline->Illuminate\\Routing\\{closure}(Object(Illuminate\\Http\\Request))
#27 C:\\xampp\\htdocs\\admin\\vendor\\laravel\\framework\\src\\Illuminate\\Pipeline\\Pipeline.php(163): Laravel\\Nova\\Http\\Middleware\\DispatchServingNovaEvent->handle(Object(Illuminate\\Http\\Request), Object(Closure))
#28 C:\\xampp\\htdocs\\admin\\vendor\\laravel\\framework\\src\\Illuminate\\Routing\\Pipeline.php(53): Illuminate\\Pipeline\\Pipeline->Illuminate\\Pipeline\\{closure}(Object(Illuminate\\Http\\Request))
#29 C:\\xampp\\htdocs\\admin\\vendor\\laravel\\framework\\src\\Illuminate\\Auth\\Middleware\\Authenticate.php(43): Illuminate\\Routing\\Pipeline->Illuminate\\Routing\\{closure}(Object(Illuminate\\Http\\Request))
#30 C:\\xampp\\htdocs\\admin\\vendor\\laravel\
ova\\src\\Http\\Middleware\\Authenticate.php(31): Illuminate\\Auth\\Middleware\\Authenticate->handle(Object(Illuminate\\Http\\Request), Object(Closure))
#31 C:\\xampp\\htdocs\\admin\\vendor\\laravel\\framework\\src\\Illuminate\\Pipeline\\Pipeline.php(163): Laravel\\Nova\\Http\\Middleware\\Authenticate->handle(Object(Illuminate\\Http\\Request), Object(Closure))
#32 C:\\xampp\\htdocs\\admin\\vendor\\laravel\\framework\\src\\Illuminate\\Routing\\Pipeline.php(53): Illuminate\\Pipeline\\Pipeline->Illuminate\\Pipeline\\{closure}(Object(Illuminate\\Http\\Request))
#33 C:\\xampp\\htdocs\\admin\\vendor\\laravel\\framework\\src\\Illuminate\\Routing\\Middleware\\SubstituteBindings.php(41): Illuminate\\Routing\\Pipeline->Illuminate\\Routing\\{closure}(Object(Illuminate\\Http\\Request))
#34 C:\\xampp\\htdocs\\admin\\vendor\\laravel\\framework\\src\\Illuminate\\Pipeline\\Pipeline.php(163): Illuminate\\Routing\\Middleware\\SubstituteBindings->handle(Object(Illuminate\\Http\\Request), Object(Closure))
#35 C:\\xampp\\htdocs\\admin\\vendor\\laravel\\framework\\src\\Illuminate\\Routing\\Pipeline.php(53): Illuminate\\Pipeline\\Pipeline->Illuminate\\Pipeline\\{closure}(Object(Illuminate\\Http\\Request))
#36 C:\\xampp\\htdocs\\admin\\vendor\\laravel\\framework\\src\\Illuminate\\Foundation\\Http\\Middleware\\VerifyCsrfToken.php(75): Illuminate\\Routing\\Pipeline->Illuminate\\Routing\\{closure}(Object(Illuminate\\Http\\Request))
#37 C:\\xampp\\htdocs\\admin\\vendor\\laravel\\framework\\src\\Illuminate\\Pipeline\\Pipeline.php(163): Illuminate\\Foundation\\Http\\Middleware\\VerifyCsrfToken->handle(Object(Illuminate\\Http\\Request), Object(Closure))
#38 C:\\xampp\\htdocs\\admin\\vendor\\laravel\\framework\\src\\Illuminate\\Routing\\Pipeline.php(53): Illuminate\\Pipeline\\Pipeline->Illuminate\\Pipeline\\{closure}(Object(Illuminate\\Http\\Request))
#39 C:\\xampp\\htdocs\\admin\\vendor\\laravel\\framework\\src\\Illuminate\\View\\Middleware\\ShareErrorsFromSession.php(49): Illuminate\\Routing\\Pipeline->Illuminate\\Routing\\{closure}(Object(Illuminate\\Http\\Request))
#40 C:\\xampp\\htdocs\\admin\\vendor\\laravel\\framework\\src\\Illuminate\\Pipeline\\Pipeline.php(163): Illuminate\\View\\Middleware\\ShareErrorsFromSession->handle(Object(Illuminate\\Http\\Request), Object(Closure))
#41 C:\\xampp\\htdocs\\admin\\vendor\\laravel\\framework\\src\\Illuminate\\Routing\\Pipeline.php(53): Illuminate\\Pipeline\\Pipeline->Illuminate\\Pipeline\\{closure}(Object(Illuminate\\Http\\Request))
#42 C:\\xampp\\htdocs\\admin\\vendor\\laravel\\framework\\src\\Illuminate\\Session\\Middleware\\StartSession.php(56): Illuminate\\Routing\\Pipeline->Illuminate\\Routing\\{closure}(Object(Illuminate\\Http\\Request))
#43 C:\\xampp\\htdocs\\admin\\vendor\\laravel\\framework\\src\\Illuminate\\Pipeline\\Pipeline.php(163): Illuminate\\Session\\Middleware\\StartSession->handle(Object(Illuminate\\Http\\Request), Object(Closure))
#44 C:\\xampp\\htdocs\\admin\\vendor\\laravel\\framework\\src\\Illuminate\\Routing\\Pipeline.php(53): Illuminate\\Pipeline\\Pipeline->Illuminate\\Pipeline\\{closure}(Object(Illuminate\\Http\\Request))
#45 C:\\xampp\\htdocs\\admin\\vendor\\laravel\\framework\\src\\Illuminate\\Cookie\\Middleware\\AddQueuedCookiesToResponse.php(37): Illuminate\\Routing\\Pipeline->Illuminate\\Routing\\{closure}(Object(Illuminate\\Http\\Request))
#46 C:\\xampp\\htdocs\\admin\\vendor\\laravel\\framework\\src\\Illuminate\\Pipeline\\Pipeline.php(163): Illuminate\\Cookie\\Middleware\\AddQueuedCookiesToResponse->handle(Object(Illuminate\\Http\\Request), Object(Closure))
#47 C:\\xampp\\htdocs\\admin\\vendor\\laravel\\framework\\src\\Illuminate\\Routing\\Pipeline.php(53): Illuminate\\Pipeline\\Pipeline->Illuminate\\Pipeline\\{closure}(Object(Illuminate\\Http\\Request))
#48 C:\\xampp\\htdocs\\admin\\vendor\\laravel\\framework\\src\\Illuminate\\Cookie\\Middleware\\EncryptCookies.php(66): Illuminate\\Routing\\Pipeline->Illuminate\\Routing\\{closure}(Object(Illuminate\\Http\\Request))
#49 C:\\xampp\\htdocs\\admin\\vendor\\laravel\\framework\\src\\Illuminate\\Pipeline\\Pipeline.php(163): Illuminate\\Cookie\\Middleware\\EncryptCookies->handle(Object(Illuminate\\Http\\Request), Object(Closure))
#50 C:\\xampp\\htdocs\\admin\\vendor\\laravel\\framework\\src\\Illuminate\\Routing\\Pipeline.php(53): Illuminate\\Pipeline\\Pipeline->Illuminate\\Pipeline\\{closure}(Object(Illuminate\\Http\\Request))
#51 C:\\xampp\\htdocs\\admin\\vendor\\laravel\\framework\\src\\Illuminate\\Pipeline\\Pipeline.php(104): Illuminate\\Routing\\Pipeline->Illuminate\\Routing\\{closure}(Object(Illuminate\\Http\\Request))
#52 C:\\xampp\\htdocs\\admin\\vendor\\laravel\\framework\\src\\Illuminate\\Routing\\Router.php(682): Illuminate\\Pipeline\\Pipeline->then(Object(Closure))
#53 C:\\xampp\\htdocs\\admin\\vendor\\laravel\\framework\\src\\Illuminate\\Routing\\Router.php(657): Illuminate\\Routing\\Router->runRouteWithinStack(Object(Illuminate\\Routing\\Route), Object(Illuminate\\Http\\Request))
#54 C:\\xampp\\htdocs\\admin\\vendor\\laravel\\framework\\src\\Illuminate\\Routing\\Router.php(623): Illuminate\\Routing\\Router->runRoute(Object(Illuminate\\Http\\Request), Object(Illuminate\\Routing\\Route))
#55 C:\\xampp\\htdocs\\admin\\vendor\\laravel\\framework\\src\\Illuminate\\Routing\\Router.php(612): Illuminate\\Routing\\Router->dispatchToRoute(Object(Illuminate\\Http\\Request))
#56 C:\\xampp\\htdocs\\admin\\vendor\\laravel\\framework\\src\\Illuminate\\Foundation\\Http\\Kernel.php(176): Illuminate\\Routing\\Router->dispatch(Object(Illuminate\\Http\\Request))
#57 C:\\xampp\\htdocs\\admin\\vendor\\laravel\\framework\\src\\Illuminate\\Routing\\Pipeline.php(30): Illuminate\\Foundation\\Http\\Kernel->Illuminate\\Foundation\\Http\\{closure}(Object(Illuminate\\Http\\Request))
#58 C:\\xampp\\htdocs\\admin\\vendor\\laravel\
ova\\src\\Http\\Middleware\\ServeNova.php(26): Illuminate\\Routing\\Pipeline->Illuminate\\Routing\\{closure}(Object(Illuminate\\Http\\Request))
#59 C:\\xampp\\htdocs\\admin\\vendor\\laravel\\framework\\src\\Illuminate\\Pipeline\\Pipeline.php(163): Laravel\\Nova\\Http\\Middleware\\ServeNova->handle(Object(Illuminate\\Http\\Request), Object(Closure))
#60 C:\\xampp\\htdocs\\admin\\vendor\\laravel\\framework\\src\\Illuminate\\Routing\\Pipeline.php(53): Illuminate\\Pipeline\\Pipeline->Illuminate\\Pipeline\\{closure}(Object(Illuminate\\Http\\Request))
#61 C:\\xampp\\htdocs\\admin\\vendor\\barryvdh\\laravel-debugbar\\src\\Middleware\\InjectDebugbar.php(58): Illuminate\\Routing\\Pipeline->Illuminate\\Routing\\{closure}(Object(Illuminate\\Http\\Request))
#62 C:\\xampp\\htdocs\\admin\\vendor\\laravel\\framework\\src\\Illuminate\\Pipeline\\Pipeline.php(163): Barryvdh\\Debugbar\\Middleware\\InjectDebugbar->handle(Object(Illuminate\\Http\\Request), Object(Closure))
#63 C:\\xampp\\htdocs\\admin\\vendor\\laravel\\framework\\src\\Illuminate\\Routing\\Pipeline.php(53): Illuminate\\Pipeline\\Pipeline->Illuminate\\Pipeline\\{closure}(Object(Illuminate\\Http\\Request))
#64 C:\\xampp\\htdocs\\admin\\vendor\\barryvdh\\laravel-cors\\src\\HandleCors.php(36): Illuminate\\Routing\\Pipeline->Illuminate\\Routing\\{closure}(Object(Illuminate\\Http\\Request))
#65 C:\\xampp\\htdocs\\admin\\vendor\\laravel\\framework\\src\\Illuminate\\Pipeline\\Pipeline.php(163): Barryvdh\\Cors\\HandleCors->handle(Object(Illuminate\\Http\\Request), Object(Closure))
#66 C:\\xampp\\htdocs\\admin\\vendor\\laravel\\framework\\src\\Illuminate\\Routing\\Pipeline.php(53): Illuminate\\Pipeline\\Pipeline->Illuminate\\Pipeline\\{closure}(Object(Illuminate\\Http\\Request))
#67 C:\\xampp\\htdocs\\admin\\vendor\\fideloper\\proxy\\src\\TrustProxies.php(57): Illuminate\\Routing\\Pipeline->Illuminate\\Routing\\{closure}(Object(Illuminate\\Http\\Request))
#68 C:\\xampp\\htdocs\\admin\\vendor\\laravel\\framework\\src\\Illuminate\\Pipeline\\Pipeline.php(163): Fideloper\\Proxy\\TrustProxies->handle(Object(Illuminate\\Http\\Request), Object(Closure))
#69 C:\\xampp\\htdocs\\admin\\vendor\\laravel\\framework\\src\\Illuminate\\Routing\\Pipeline.php(53): Illuminate\\Pipeline\\Pipeline->Illuminate\\Pipeline\\{closure}(Object(Illuminate\\Http\\Request))
#70 C:\\xampp\\htdocs\\admin\\vendor\\laravel\\framework\\src\\Illuminate\\Foundation\\Http\\Middleware\\TransformsRequest.php(21): Illuminate\\Routing\\Pipeline->Illuminate\\Routing\\{closure}(Object(Illuminate\\Http\\Request))
#71 C:\\xampp\\htdocs\\admin\\vendor\\laravel\\framework\\src\\Illuminate\\Pipeline\\Pipeline.php(163): Illuminate\\Foundation\\Http\\Middleware\\TransformsRequest->handle(Object(Illuminate\\Http\\Request), Object(Closure))
#72 C:\\xampp\\htdocs\\admin\\vendor\\laravel\\framework\\src\\Illuminate\\Routing\\Pipeline.php(53): Illuminate\\Pipeline\\Pipeline->Illuminate\\Pipeline\\{closure}(Object(Illuminate\\Http\\Request))
#73 C:\\xampp\\htdocs\\admin\\vendor\\laravel\\framework\\src\\Illuminate\\Foundation\\Http\\Middleware\\TransformsRequest.php(21): Illuminate\\Routing\\Pipeline->Illuminate\\Routing\\{closure}(Object(Illuminate\\Http\\Request))
#74 C:\\xampp\\htdocs\\admin\\vendor\\laravel\\framework\\src\\Illuminate\\Pipeline\\Pipeline.php(163): Illuminate\\Foundation\\Http\\Middleware\\TransformsRequest->handle(Object(Illuminate\\Http\\Request), Object(Closure))
#75 C:\\xampp\\htdocs\\admin\\vendor\\laravel\\framework\\src\\Illuminate\\Routing\\Pipeline.php(53): Illuminate\\Pipeline\\Pipeline->Illuminate\\Pipeline\\{closure}(Object(Illuminate\\Http\\Request))
#76 C:\\xampp\\htdocs\\admin\\vendor\\laravel\\framework\\src\\Illuminate\\Foundation\\Http\\Middleware\\ValidatePostSize.php(27): Illuminate\\Routing\\Pipeline->Illuminate\\Routing\\{closure}(Object(Illuminate\\Http\\Request))
#77 C:\\xampp\\htdocs\\admin\\vendor\\laravel\\framework\\src\\Illuminate\\Pipeline\\Pipeline.php(163): Illuminate\\Foundation\\Http\\Middleware\\ValidatePostSize->handle(Object(Illuminate\\Http\\Request), Object(Closure))
#78 C:\\xampp\\htdocs\\admin\\vendor\\laravel\\framework\\src\\Illuminate\\Routing\\Pipeline.php(53): Illuminate\\Pipeline\\Pipeline->Illuminate\\Pipeline\\{closure}(Object(Illuminate\\Http\\Request))
#79 C:\\xampp\\htdocs\\admin\\vendor\\laravel\\framework\\src\\Illuminate\\Foundation\\Http\\Middleware\\CheckForMaintenanceMode.php(62): Illuminate\\Routing\\Pipeline->Illuminate\\Routing\\{closure}(Object(Illuminate\\Http\\Request))
#80 C:\\xampp\\htdocs\\admin\\vendor\\laravel\\framework\\src\\Illuminate\\Pipeline\\Pipeline.php(163): Illuminate\\Foundation\\Http\\Middleware\\CheckForMaintenanceMode->handle(Object(Illuminate\\Http\\Request), Object(Closure))
#81 C:\\xampp\\htdocs\\admin\\vendor\\laravel\\framework\\src\\Illuminate\\Routing\\Pipeline.php(53): Illuminate\\Pipeline\\Pipeline->Illuminate\\Pipeline\\{closure}(Object(Illuminate\\Http\\Request))
#82 C:\\xampp\\htdocs\\admin\\vendor\\laravel\\framework\\src\\Illuminate\\Pipeline\\Pipeline.php(104): Illuminate\\Routing\\Pipeline->Illuminate\\Routing\\{closure}(Object(Illuminate\\Http\\Request))
#83 C:\\xampp\\htdocs\\admin\\vendor\\laravel\\framework\\src\\Illuminate\\Foundation\\Http\\Kernel.php(151): Illuminate\\Pipeline\\Pipeline->then(Object(Closure))
#84 C:\\xampp\\htdocs\\admin\\vendor\\laravel\\framework\\src\\Illuminate\\Foundation\\Http\\Kernel.php(116): Illuminate\\Foundation\\Http\\Kernel->sendRequestThroughRouter(Object(Illuminate\\Http\\Request))
#85 C:\\xampp\\htdocs\\admin\\public\\index.php(55): Illuminate\\Foundation\\Http\\Kernel->handle(Object(Illuminate\\Http\\Request))
#86 C:\\xampp\\htdocs\\admin\\server.php(21): require_once('C:\\\\xampp\\\\htdocs...')
#87 {main}
"} 
[2019-11-13 08:19:11] production.ERROR: File `C:\xampp\tmp/php2C4B.tmp` has a size of 29.36 MB which is greater than the maximum allowed 10 MB {"userId":1,"exception":"[object] (Spatie\\MediaLibrary\\Exceptions\\FileCannotBeAdded\\FileIsTooBig(code: 0): File `C:\\xampp\\tmp/php2C4B.tmp` has a size of 29.36 MB which is greater than the maximum allowed 10 MB at C:\\xampp\\htdocs\\admin\\vendor\\spatie\\laravel-medialibrary\\src\\Exceptions\\FileCannotBeAdded\\FileIsTooBig.php:16)
[stacktrace]
#0 C:\\xampp\\htdocs\\admin\\vendor\\spatie\\laravel-medialibrary\\src\\FileAdder\\FileAdder.php(216): Spatie\\MediaLibrary\\Exceptions\\FileCannotBeAdded\\FileIsTooBig::create('C:\\\\xampp\\\\tmp/ph...')
#1 C:\\xampp\\htdocs\\admin\\vendor\\ebess\\advanced-nova-media-library\\src\\Fields\\Media.php(184): Spatie\\MediaLibrary\\FileAdder\\FileAdder->toMediaCollection('media')
#2 [internal function]: Ebess\\AdvancedNovaMediaLibrary\\Fields\\Media->Ebess\\AdvancedNovaMediaLibrary\\Fields\\{closure}(Object(Illuminate\\Http\\UploadedFile), 1)
#3 C:\\xampp\\htdocs\\admin\\vendor\\laravel\\framework\\src\\Illuminate\\Support\\Collection.php(1120): array_map(Object(Closure), Array, Array)
#4 C:\\xampp\\htdocs\\admin\\vendor\\ebess\\advanced-nova-media-library\\src\\Fields\\Media.php(190): Illuminate\\Support\\Collection->map(Object(Closure))
#5 C:\\xampp\\htdocs\\admin\\vendor\\ebess\\advanced-nova-media-library\\src\\Fields\\Media.php(145): Ebess\\AdvancedNovaMediaLibrary\\Fields\\Media->addNewMedia(Object(Laravel\\Nova\\Http\\Requests\\UpdateResourceRequest), Array, Object(App\\Models\\Apartment), 'media')
#6 C:\\xampp\\htdocs\\admin\\vendor\\ebess\\advanced-nova-media-library\\src\\Fields\\Media.php(135): Ebess\\AdvancedNovaMediaLibrary\\Fields\\Media->handleMedia(Object(Laravel\\Nova\\Http\\Requests\\UpdateResourceRequest), Object(App\\Models\\Apartment), 'media', Array)
#7 C:\\xampp\\htdocs\\admin\\vendor\\laravel\\framework\\src\\Illuminate\\Support\\HigherOrderCollectionProxy.php(60): Ebess\\AdvancedNovaMediaLibrary\\Fields\\Media->Ebess\\AdvancedNovaMediaLibrary\\Fields\\{closure}()
#8 C:\\xampp\\htdocs\\admin\\vendor\\laravel\\framework\\src\\Illuminate\\Support\\HigherOrderCollectionProxy.php(60): Closure->__invoke()
#9 C:\\xampp\\htdocs\\admin\\vendor\\laravel\\framework\\src\\Illuminate\\Support\\Collection.php(475): Illuminate\\Support\\HigherOrderCollectionProxy->Illuminate\\Support\\{closure}(Object(Closure), 0)
#10 C:\\xampp\\htdocs\\admin\\vendor\\laravel\\framework\\src\\Illuminate\\Support\\HigherOrderCollectionProxy.php(61): Illuminate\\Support\\Collection->each(Object(Closure))
#11 C:\\xampp\\htdocs\\admin\\vendor\\laravel\
ova\\src\\Http\\Controllers\\ResourceUpdateController.php(40): Illuminate\\Support\\HigherOrderCollectionProxy->__call('__invoke', Array)
#12 C:\\xampp\\htdocs\\admin\\vendor\\laravel\\framework\\src\\Illuminate\\Database\\Concerns\\ManagesTransactions.php(29): Laravel\\Nova\\Http\\Controllers\\ResourceUpdateController->Laravel\\Nova\\Http\\Controllers\\{closure}(Object(Illuminate\\Database\\MySqlConnection))
#13 C:\\xampp\\htdocs\\admin\\vendor\\laravel\\framework\\src\\Illuminate\\Database\\DatabaseManager.php(349): Illuminate\\Database\\Connection->transaction(Object(Closure))
#14 C:\\xampp\\htdocs\\admin\\vendor\\laravel\\framework\\src\\Illuminate\\Support\\Facades\\Facade.php(239): Illuminate\\Database\\DatabaseManager->__call('transaction', Array)
#15 C:\\xampp\\htdocs\\admin\\vendor\\laravel\
ova\\src\\Http\\Controllers\\ResourceUpdateController.php(43): Illuminate\\Support\\Facades\\Facade::__callStatic('transaction', Array)
#16 [internal function]: Laravel\\Nova\\Http\\Controllers\\ResourceUpdateController->handle(Object(Laravel\\Nova\\Http\\Requests\\UpdateResourceRequest), 'apartments', '97')
#17 C:\\xampp\\htdocs\\admin\\vendor\\laravel\\framework\\src\\Illuminate\\Routing\\Controller.php(54): call_user_func_array(Array, Array)
#18 C:\\xampp\\htdocs\\admin\\vendor\\laravel\\framework\\src\\Illuminate\\Routing\\ControllerDispatcher.php(45): Illuminate\\Routing\\Controller->callAction('handle', Array)
#19 C:\\xampp\\htdocs\\admin\\vendor\\laravel\\framework\\src\\Illuminate\\Routing\\Route.php(219): Illuminate\\Routing\\ControllerDispatcher->dispatch(Object(Illuminate\\Routing\\Route), Object(Laravel\\Nova\\Http\\Controllers\\ResourceUpdateController), 'handle')
#20 C:\\xampp\\htdocs\\admin\\vendor\\laravel\\framework\\src\\Illuminate\\Routing\\Route.php(176): Illuminate\\Routing\\Route->runController()
#21 C:\\xampp\\htdocs\\admin\\vendor\\laravel\\framework\\src\\Illuminate\\Routing\\Router.php(680): Illuminate\\Routing\\Route->run()
#22 C:\\xampp\\htdocs\\admin\\vendor\\laravel\\framework\\src\\Illuminate\\Routing\\Pipeline.php(30): Illuminate\\Routing\\Router->Illuminate\\Routing\\{closure}(Object(Illuminate\\Http\\Request))
#23 C:\\xampp\\htdocs\\admin\\vendor\\laravel\
ova\\src\\Http\\Middleware\\BootTools.php(20): Illuminate\\Routing\\Pipeline->Illuminate\\Routing\\{closure}(Object(Illuminate\\Http\\Request))
#24 C:\\xampp\\htdocs\\admin\\vendor\\laravel\\framework\\src\\Illuminate\\Pipeline\\Pipeline.php(163): Laravel\\Nova\\Http\\Middleware\\BootTools->handle(Object(Illuminate\\Http\\Request), Object(Closure))
#25 C:\\xampp\\htdocs\\admin\\vendor\\laravel\\framework\\src\\Illuminate\\Routing\\Pipeline.php(53): Illuminate\\Pipeline\\Pipeline->Illuminate\\Pipeline\\{closure}(Object(Illuminate\\Http\\Request))
#26 C:\\xampp\\htdocs\\admin\\vendor\\laravel\
ova\\src\\Http\\Middleware\\DispatchServingNovaEvent.php(20): Illuminate\\Routing\\Pipeline->Illuminate\\Routing\\{closure}(Object(Illuminate\\Http\\Request))
#27 C:\\xampp\\htdocs\\admin\\vendor\\laravel\\framework\\src\\Illuminate\\Pipeline\\Pipeline.php(163): Laravel\\Nova\\Http\\Middleware\\DispatchServingNovaEvent->handle(Object(Illuminate\\Http\\Request), Object(Closure))
#28 C:\\xampp\\htdocs\\admin\\vendor\\laravel\\framework\\src\\Illuminate\\Routing\\Pipeline.php(53): Illuminate\\Pipeline\\Pipeline->Illuminate\\Pipeline\\{closure}(Object(Illuminate\\Http\\Request))
#29 C:\\xampp\\htdocs\\admin\\vendor\\laravel\\framework\\src\\Illuminate\\Auth\\Middleware\\Authenticate.php(43): Illuminate\\Routing\\Pipeline->Illuminate\\Routing\\{closure}(Object(Illuminate\\Http\\Request))
#30 C:\\xampp\\htdocs\\admin\\vendor\\laravel\
ova\\src\\Http\\Middleware\\Authenticate.php(31): Illuminate\\Auth\\Middleware\\Authenticate->handle(Object(Illuminate\\Http\\Request), Object(Closure))
#31 C:\\xampp\\htdocs\\admin\\vendor\\laravel\\framework\\src\\Illuminate\\Pipeline\\Pipeline.php(163): Laravel\\Nova\\Http\\Middleware\\Authenticate->handle(Object(Illuminate\\Http\\Request), Object(Closure))
#32 C:\\xampp\\htdocs\\admin\\vendor\\laravel\\framework\\src\\Illuminate\\Routing\\Pipeline.php(53): Illuminate\\Pipeline\\Pipeline->Illuminate\\Pipeline\\{closure}(Object(Illuminate\\Http\\Request))
#33 C:\\xampp\\htdocs\\admin\\vendor\\laravel\\framework\\src\\Illuminate\\Routing\\Middleware\\SubstituteBindings.php(41): Illuminate\\Routing\\Pipeline->Illuminate\\Routing\\{closure}(Object(Illuminate\\Http\\Request))
#34 C:\\xampp\\htdocs\\admin\\vendor\\laravel\\framework\\src\\Illuminate\\Pipeline\\Pipeline.php(163): Illuminate\\Routing\\Middleware\\SubstituteBindings->handle(Object(Illuminate\\Http\\Request), Object(Closure))
#35 C:\\xampp\\htdocs\\admin\\vendor\\laravel\\framework\\src\\Illuminate\\Routing\\Pipeline.php(53): Illuminate\\Pipeline\\Pipeline->Illuminate\\Pipeline\\{closure}(Object(Illuminate\\Http\\Request))
#36 C:\\xampp\\htdocs\\admin\\vendor\\laravel\\framework\\src\\Illuminate\\Foundation\\Http\\Middleware\\VerifyCsrfToken.php(75): Illuminate\\Routing\\Pipeline->Illuminate\\Routing\\{closure}(Object(Illuminate\\Http\\Request))
#37 C:\\xampp\\htdocs\\admin\\vendor\\laravel\\framework\\src\\Illuminate\\Pipeline\\Pipeline.php(163): Illuminate\\Foundation\\Http\\Middleware\\VerifyCsrfToken->handle(Object(Illuminate\\Http\\Request), Object(Closure))
#38 C:\\xampp\\htdocs\\admin\\vendor\\laravel\\framework\\src\\Illuminate\\Routing\\Pipeline.php(53): Illuminate\\Pipeline\\Pipeline->Illuminate\\Pipeline\\{closure}(Object(Illuminate\\Http\\Request))
#39 C:\\xampp\\htdocs\\admin\\vendor\\laravel\\framework\\src\\Illuminate\\View\\Middleware\\ShareErrorsFromSession.php(49): Illuminate\\Routing\\Pipeline->Illuminate\\Routing\\{closure}(Object(Illuminate\\Http\\Request))
#40 C:\\xampp\\htdocs\\admin\\vendor\\laravel\\framework\\src\\Illuminate\\Pipeline\\Pipeline.php(163): Illuminate\\View\\Middleware\\ShareErrorsFromSession->handle(Object(Illuminate\\Http\\Request), Object(Closure))
#41 C:\\xampp\\htdocs\\admin\\vendor\\laravel\\framework\\src\\Illuminate\\Routing\\Pipeline.php(53): Illuminate\\Pipeline\\Pipeline->Illuminate\\Pipeline\\{closure}(Object(Illuminate\\Http\\Request))
#42 C:\\xampp\\htdocs\\admin\\vendor\\laravel\\framework\\src\\Illuminate\\Session\\Middleware\\StartSession.php(56): Illuminate\\Routing\\Pipeline->Illuminate\\Routing\\{closure}(Object(Illuminate\\Http\\Request))
#43 C:\\xampp\\htdocs\\admin\\vendor\\laravel\\framework\\src\\Illuminate\\Pipeline\\Pipeline.php(163): Illuminate\\Session\\Middleware\\StartSession->handle(Object(Illuminate\\Http\\Request), Object(Closure))
#44 C:\\xampp\\htdocs\\admin\\vendor\\laravel\\framework\\src\\Illuminate\\Routing\\Pipeline.php(53): Illuminate\\Pipeline\\Pipeline->Illuminate\\Pipeline\\{closure}(Object(Illuminate\\Http\\Request))
#45 C:\\xampp\\htdocs\\admin\\vendor\\laravel\\framework\\src\\Illuminate\\Cookie\\Middleware\\AddQueuedCookiesToResponse.php(37): Illuminate\\Routing\\Pipeline->Illuminate\\Routing\\{closure}(Object(Illuminate\\Http\\Request))
#46 C:\\xampp\\htdocs\\admin\\vendor\\laravel\\framework\\src\\Illuminate\\Pipeline\\Pipeline.php(163): Illuminate\\Cookie\\Middleware\\AddQueuedCookiesToResponse->handle(Object(Illuminate\\Http\\Request), Object(Closure))
#47 C:\\xampp\\htdocs\\admin\\vendor\\laravel\\framework\\src\\Illuminate\\Routing\\Pipeline.php(53): Illuminate\\Pipeline\\Pipeline->Illuminate\\Pipeline\\{closure}(Object(Illuminate\\Http\\Request))
#48 C:\\xampp\\htdocs\\admin\\vendor\\laravel\\framework\\src\\Illuminate\\Cookie\\Middleware\\EncryptCookies.php(66): Illuminate\\Routing\\Pipeline->Illuminate\\Routing\\{closure}(Object(Illuminate\\Http\\Request))
#49 C:\\xampp\\htdocs\\admin\\vendor\\laravel\\framework\\src\\Illuminate\\Pipeline\\Pipeline.php(163): Illuminate\\Cookie\\Middleware\\EncryptCookies->handle(Object(Illuminate\\Http\\Request), Object(Closure))
#50 C:\\xampp\\htdocs\\admin\\vendor\\laravel\\framework\\src\\Illuminate\\Routing\\Pipeline.php(53): Illuminate\\Pipeline\\Pipeline->Illuminate\\Pipeline\\{closure}(Object(Illuminate\\Http\\Request))
#51 C:\\xampp\\htdocs\\admin\\vendor\\laravel\\framework\\src\\Illuminate\\Pipeline\\Pipeline.php(104): Illuminate\\Routing\\Pipeline->Illuminate\\Routing\\{closure}(Object(Illuminate\\Http\\Request))
#52 C:\\xampp\\htdocs\\admin\\vendor\\laravel\\framework\\src\\Illuminate\\Routing\\Router.php(682): Illuminate\\Pipeline\\Pipeline->then(Object(Closure))
#53 C:\\xampp\\htdocs\\admin\\vendor\\laravel\\framework\\src\\Illuminate\\Routing\\Router.php(657): Illuminate\\Routing\\Router->runRouteWithinStack(Object(Illuminate\\Routing\\Route), Object(Illuminate\\Http\\Request))
#54 C:\\xampp\\htdocs\\admin\\vendor\\laravel\\framework\\src\\Illuminate\\Routing\\Router.php(623): Illuminate\\Routing\\Router->runRoute(Object(Illuminate\\Http\\Request), Object(Illuminate\\Routing\\Route))
#55 C:\\xampp\\htdocs\\admin\\vendor\\laravel\\framework\\src\\Illuminate\\Routing\\Router.php(612): Illuminate\\Routing\\Router->dispatchToRoute(Object(Illuminate\\Http\\Request))
#56 C:\\xampp\\htdocs\\admin\\vendor\\laravel\\framework\\src\\Illuminate\\Foundation\\Http\\Kernel.php(176): Illuminate\\Routing\\Router->dispatch(Object(Illuminate\\Http\\Request))
#57 C:\\xampp\\htdocs\\admin\\vendor\\laravel\\framework\\src\\Illuminate\\Routing\\Pipeline.php(30): Illuminate\\Foundation\\Http\\Kernel->Illuminate\\Foundation\\Http\\{closure}(Object(Illuminate\\Http\\Request))
#58 C:\\xampp\\htdocs\\admin\\vendor\\laravel\
ova\\src\\Http\\Middleware\\ServeNova.php(26): Illuminate\\Routing\\Pipeline->Illuminate\\Routing\\{closure}(Object(Illuminate\\Http\\Request))
#59 C:\\xampp\\htdocs\\admin\\vendor\\laravel\\framework\\src\\Illuminate\\Pipeline\\Pipeline.php(163): Laravel\\Nova\\Http\\Middleware\\ServeNova->handle(Object(Illuminate\\Http\\Request), Object(Closure))
#60 C:\\xampp\\htdocs\\admin\\vendor\\laravel\\framework\\src\\Illuminate\\Routing\\Pipeline.php(53): Illuminate\\Pipeline\\Pipeline->Illuminate\\Pipeline\\{closure}(Object(Illuminate\\Http\\Request))
#61 C:\\xampp\\htdocs\\admin\\vendor\\barryvdh\\laravel-debugbar\\src\\Middleware\\InjectDebugbar.php(58): Illuminate\\Routing\\Pipeline->Illuminate\\Routing\\{closure}(Object(Illuminate\\Http\\Request))
#62 C:\\xampp\\htdocs\\admin\\vendor\\laravel\\framework\\src\\Illuminate\\Pipeline\\Pipeline.php(163): Barryvdh\\Debugbar\\Middleware\\InjectDebugbar->handle(Object(Illuminate\\Http\\Request), Object(Closure))
#63 C:\\xampp\\htdocs\\admin\\vendor\\laravel\\framework\\src\\Illuminate\\Routing\\Pipeline.php(53): Illuminate\\Pipeline\\Pipeline->Illuminate\\Pipeline\\{closure}(Object(Illuminate\\Http\\Request))
#64 C:\\xampp\\htdocs\\admin\\vendor\\barryvdh\\laravel-cors\\src\\HandleCors.php(36): Illuminate\\Routing\\Pipeline->Illuminate\\Routing\\{closure}(Object(Illuminate\\Http\\Request))
#65 C:\\xampp\\htdocs\\admin\\vendor\\laravel\\framework\\src\\Illuminate\\Pipeline\\Pipeline.php(163): Barryvdh\\Cors\\HandleCors->handle(Object(Illuminate\\Http\\Request), Object(Closure))
#66 C:\\xampp\\htdocs\\admin\\vendor\\laravel\\framework\\src\\Illuminate\\Routing\\Pipeline.php(53): Illuminate\\Pipeline\\Pipeline->Illuminate\\Pipeline\\{closure}(Object(Illuminate\\Http\\Request))
#67 C:\\xampp\\htdocs\\admin\\vendor\\fideloper\\proxy\\src\\TrustProxies.php(57): Illuminate\\Routing\\Pipeline->Illuminate\\Routing\\{closure}(Object(Illuminate\\Http\\Request))
#68 C:\\xampp\\htdocs\\admin\\vendor\\laravel\\framework\\src\\Illuminate\\Pipeline\\Pipeline.php(163): Fideloper\\Proxy\\TrustProxies->handle(Object(Illuminate\\Http\\Request), Object(Closure))
#69 C:\\xampp\\htdocs\\admin\\vendor\\laravel\\framework\\src\\Illuminate\\Routing\\Pipeline.php(53): Illuminate\\Pipeline\\Pipeline->Illuminate\\Pipeline\\{closure}(Object(Illuminate\\Http\\Request))
#70 C:\\xampp\\htdocs\\admin\\vendor\\laravel\\framework\\src\\Illuminate\\Foundation\\Http\\Middleware\\TransformsRequest.php(21): Illuminate\\Routing\\Pipeline->Illuminate\\Routing\\{closure}(Object(Illuminate\\Http\\Request))
#71 C:\\xampp\\htdocs\\admin\\vendor\\laravel\\framework\\src\\Illuminate\\Pipeline\\Pipeline.php(163): Illuminate\\Foundation\\Http\\Middleware\\TransformsRequest->handle(Object(Illuminate\\Http\\Request), Object(Closure))
#72 C:\\xampp\\htdocs\\admin\\vendor\\laravel\\framework\\src\\Illuminate\\Routing\\Pipeline.php(53): Illuminate\\Pipeline\\Pipeline->Illuminate\\Pipeline\\{closure}(Object(Illuminate\\Http\\Request))
#73 C:\\xampp\\htdocs\\admin\\vendor\\laravel\\framework\\src\\Illuminate\\Foundation\\Http\\Middleware\\TransformsRequest.php(21): Illuminate\\Routing\\Pipeline->Illuminate\\Routing\\{closure}(Object(Illuminate\\Http\\Request))
#74 C:\\xampp\\htdocs\\admin\\vendor\\laravel\\framework\\src\\Illuminate\\Pipeline\\Pipeline.php(163): Illuminate\\Foundation\\Http\\Middleware\\TransformsRequest->handle(Object(Illuminate\\Http\\Request), Object(Closure))
#75 C:\\xampp\\htdocs\\admin\\vendor\\laravel\\framework\\src\\Illuminate\\Routing\\Pipeline.php(53): Illuminate\\Pipeline\\Pipeline->Illuminate\\Pipeline\\{closure}(Object(Illuminate\\Http\\Request))
#76 C:\\xampp\\htdocs\\admin\\vendor\\laravel\\framework\\src\\Illuminate\\Foundation\\Http\\Middleware\\ValidatePostSize.php(27): Illuminate\\Routing\\Pipeline->Illuminate\\Routing\\{closure}(Object(Illuminate\\Http\\Request))
#77 C:\\xampp\\htdocs\\admin\\vendor\\laravel\\framework\\src\\Illuminate\\Pipeline\\Pipeline.php(163): Illuminate\\Foundation\\Http\\Middleware\\ValidatePostSize->handle(Object(Illuminate\\Http\\Request), Object(Closure))
#78 C:\\xampp\\htdocs\\admin\\vendor\\laravel\\framework\\src\\Illuminate\\Routing\\Pipeline.php(53): Illuminate\\Pipeline\\Pipeline->Illuminate\\Pipeline\\{closure}(Object(Illuminate\\Http\\Request))
#79 C:\\xampp\\htdocs\\admin\\vendor\\laravel\\framework\\src\\Illuminate\\Foundation\\Http\\Middleware\\CheckForMaintenanceMode.php(62): Illuminate\\Routing\\Pipeline->Illuminate\\Routing\\{closure}(Object(Illuminate\\Http\\Request))
#80 C:\\xampp\\htdocs\\admin\\vendor\\laravel\\framework\\src\\Illuminate\\Pipeline\\Pipeline.php(163): Illuminate\\Foundation\\Http\\Middleware\\CheckForMaintenanceMode->handle(Object(Illuminate\\Http\\Request), Object(Closure))
#81 C:\\xampp\\htdocs\\admin\\vendor\\laravel\\framework\\src\\Illuminate\\Routing\\Pipeline.php(53): Illuminate\\Pipeline\\Pipeline->Illuminate\\Pipeline\\{closure}(Object(Illuminate\\Http\\Request))
#82 C:\\xampp\\htdocs\\admin\\vendor\\laravel\\framework\\src\\Illuminate\\Pipeline\\Pipeline.php(104): Illuminate\\Routing\\Pipeline->Illuminate\\Routing\\{closure}(Object(Illuminate\\Http\\Request))
#83 C:\\xampp\\htdocs\\admin\\vendor\\laravel\\framework\\src\\Illuminate\\Foundation\\Http\\Kernel.php(151): Illuminate\\Pipeline\\Pipeline->then(Object(Closure))
#84 C:\\xampp\\htdocs\\admin\\vendor\\laravel\\framework\\src\\Illuminate\\Foundation\\Http\\Kernel.php(116): Illuminate\\Foundation\\Http\\Kernel->sendRequestThroughRouter(Object(Illuminate\\Http\\Request))
#85 C:\\xampp\\htdocs\\admin\\public\\index.php(55): Illuminate\\Foundation\\Http\\Kernel->handle(Object(Illuminate\\Http\\Request))
#86 C:\\xampp\\htdocs\\admin\\server.php(21): require_once('C:\\\\xampp\\\\htdocs...')
#87 {main}
"} 
[2019-11-13 22:10:49] production.ERROR: SQLSTATE[HY000] [2002] No connection could be made because the target machine actively refused it.
 (SQL: select * from `admins` where `id` = 1 limit 1) {"exception":"[object] (Illuminate\\Database\\QueryException(code: 2002): SQLSTATE[HY000] [2002] No connection could be made because the target machine actively refused it.
 (SQL: select * from `admins` where `id` = 1 limit 1) at C:\\xampp\\htdocs\\admin\\vendor\\laravel\\framework\\src\\Illuminate\\Database\\Connection.php:664, Doctrine\\DBAL\\Driver\\PDOException(code: 2002): SQLSTATE[HY000] [2002] No connection could be made because the target machine actively refused it.
 at C:\\xampp\\htdocs\\admin\\vendor\\doctrine\\dbal\\lib\\Doctrine\\DBAL\\Driver\\PDOConnection.php:31, PDOException(code: 2002): SQLSTATE[HY000] [2002] No connection could be made because the target machine actively refused it.
 at C:\\xampp\\htdocs\\admin\\vendor\\doctrine\\dbal\\lib\\Doctrine\\DBAL\\Driver\\PDOConnection.php:27)
[stacktrace]
#0 C:\\xampp\\htdocs\\admin\\vendor\\laravel\\framework\\src\\Illuminate\\Database\\Connection.php(624): Illuminate\\Database\\Connection->runQueryCallback('select * from `...', Array, Object(Closure))
#1 C:\\xampp\\htdocs\\admin\\vendor\\laravel\\framework\\src\\Illuminate\\Database\\Connection.php(333): Illuminate\\Database\\Connection->run('select * from `...', Array, Object(Closure))
#2 C:\\xampp\\htdocs\\admin\\vendor\\laravel\\framework\\src\\Illuminate\\Database\\Query\\Builder.php(2130): Illuminate\\Database\\Connection->select('select * from `...', Array, true)
#3 C:\\xampp\\htdocs\\admin\\vendor\\laravel\\framework\\src\\Illuminate\\Database\\Query\\Builder.php(2118): Illuminate\\Database\\Query\\Builder->runSelect()
#4 C:\\xampp\\htdocs\\admin\\vendor\\laravel\\framework\\src\\Illuminate\\Database\\Query\\Builder.php(2604): Illuminate\\Database\\Query\\Builder->Illuminate\\Database\\Query\\{closure}()
#5 C:\\xampp\\htdocs\\admin\\vendor\\laravel\\framework\\src\\Illuminate\\Database\\Query\\Builder.php(2119): Illuminate\\Database\\Query\\Builder->onceWithColumns(Array, Object(Closure))
#6 C:\\xampp\\htdocs\\admin\\vendor\\laravel\\framework\\src\\Illuminate\\Database\\Eloquent\\Builder.php(521): Illuminate\\Database\\Query\\Builder->get(Array)
#7 C:\\xampp\\htdocs\\admin\\vendor\\laravel\\framework\\src\\Illuminate\\Database\\Eloquent\\Builder.php(505): Illuminate\\Database\\Eloquent\\Builder->getModels(Array)
#8 C:\\xampp\\htdocs\\admin\\vendor\\laravel\\framework\\src\\Illuminate\\Database\\Concerns\\BuildsQueries.php(77): Illuminate\\Database\\Eloquent\\Builder->get(Array)
#9 C:\\xampp\\htdocs\\admin\\vendor\\laravel\\framework\\src\\Illuminate\\Auth\\EloquentUserProvider.php(68): Illuminate\\Database\\Eloquent\\Builder->first()
#10 C:\\xampp\\htdocs\\admin\\vendor\\laravel\\framework\\src\\Illuminate\\Auth\\SessionGuard.php(169): Illuminate\\Auth\\EloquentUserProvider->retrieveByToken('1', 'xgZUehxdfTPqeeR...')
#11 C:\\xampp\\htdocs\\admin\\vendor\\laravel\\framework\\src\\Illuminate\\Auth\\SessionGuard.php(139): Illuminate\\Auth\\SessionGuard->userFromRecaller(Object(Illuminate\\Auth\\Recaller))
#12 C:\\xampp\\htdocs\\admin\\vendor\\laravel\\framework\\src\\Illuminate\\Auth\\GuardHelpers.php(60): Illuminate\\Auth\\SessionGuard->user()
#13 C:\\xampp\\htdocs\\admin\\vendor\\laravel\\framework\\src\\Illuminate\\Auth\\Middleware\\Authenticate.php(62): Illuminate\\Auth\\SessionGuard->check()
#14 C:\\xampp\\htdocs\\admin\\vendor\\laravel\\framework\\src\\Illuminate\\Auth\\Middleware\\Authenticate.php(41): Illuminate\\Auth\\Middleware\\Authenticate->authenticate(Object(Illuminate\\Http\\Request), Array)
#15 C:\\xampp\\htdocs\\admin\\vendor\\laravel\
ova\\src\\Http\\Middleware\\Authenticate.php(31): Illuminate\\Auth\\Middleware\\Authenticate->handle(Object(Illuminate\\Http\\Request), Object(Closure))
#16 C:\\xampp\\htdocs\\admin\\vendor\\laravel\\framework\\src\\Illuminate\\Pipeline\\Pipeline.php(163): Laravel\\Nova\\Http\\Middleware\\Authenticate->handle(Object(Illuminate\\Http\\Request), Object(Closure))
#17 C:\\xampp\\htdocs\\admin\\vendor\\laravel\\framework\\src\\Illuminate\\Routing\\Pipeline.php(53): Illuminate\\Pipeline\\Pipeline->Illuminate\\Pipeline\\{closure}(Object(Illuminate\\Http\\Request))
#18 C:\\xampp\\htdocs\\admin\\vendor\\laravel\\framework\\src\\Illuminate\\Routing\\Middleware\\SubstituteBindings.php(41): Illuminate\\Routing\\Pipeline->Illuminate\\Routing\\{closure}(Object(Illuminate\\Http\\Request))
#19 C:\\xampp\\htdocs\\admin\\vendor\\laravel\\framework\\src\\Illuminate\\Pipeline\\Pipeline.php(163): Illuminate\\Routing\\Middleware\\SubstituteBindings->handle(Object(Illuminate\\Http\\Request), Object(Closure))
#20 C:\\xampp\\htdocs\\admin\\vendor\\laravel\\framework\\src\\Illuminate\\Routing\\Pipeline.php(53): Illuminate\\Pipeline\\Pipeline->Illuminate\\Pipeline\\{closure}(Object(Illuminate\\Http\\Request))
#21 C:\\xampp\\htdocs\\admin\\vendor\\laravel\\framework\\src\\Illuminate\\Foundation\\Http\\Middleware\\VerifyCsrfToken.php(75): Illuminate\\Routing\\Pipeline->Illuminate\\Routing\\{closure}(Object(Illuminate\\Http\\Request))
#22 C:\\xampp\\htdocs\\admin\\vendor\\laravel\\framework\\src\\Illuminate\\Pipeline\\Pipeline.php(163): Illuminate\\Foundation\\Http\\Middleware\\VerifyCsrfToken->handle(Object(Illuminate\\Http\\Request), Object(Closure))
#23 C:\\xampp\\htdocs\\admin\\vendor\\laravel\\framework\\src\\Illuminate\\Routing\\Pipeline.php(53): Illuminate\\Pipeline\\Pipeline->Illuminate\\Pipeline\\{closure}(Object(Illuminate\\Http\\Request))
#24 C:\\xampp\\htdocs\\admin\\vendor\\laravel\\framework\\src\\Illuminate\\View\\Middleware\\ShareErrorsFromSession.php(49): Illuminate\\Routing\\Pipeline->Illuminate\\Routing\\{closure}(Object(Illuminate\\Http\\Request))
#25 C:\\xampp\\htdocs\\admin\\vendor\\laravel\\framework\\src\\Illuminate\\Pipeline\\Pipeline.php(163): Illuminate\\View\\Middleware\\ShareErrorsFromSession->handle(Object(Illuminate\\Http\\Request), Object(Closure))
#26 C:\\xampp\\htdocs\\admin\\vendor\\laravel\\framework\\src\\Illuminate\\Routing\\Pipeline.php(53): Illuminate\\Pipeline\\Pipeline->Illuminate\\Pipeline\\{closure}(Object(Illuminate\\Http\\Request))
#27 C:\\xampp\\htdocs\\admin\\vendor\\laravel\\framework\\src\\Illuminate\\Session\\Middleware\\StartSession.php(56): Illuminate\\Routing\\Pipeline->Illuminate\\Routing\\{closure}(Object(Illuminate\\Http\\Request))
#28 C:\\xampp\\htdocs\\admin\\vendor\\laravel\\framework\\src\\Illuminate\\Pipeline\\Pipeline.php(163): Illuminate\\Session\\Middleware\\StartSession->handle(Object(Illuminate\\Http\\Request), Object(Closure))
#29 C:\\xampp\\htdocs\\admin\\vendor\\laravel\\framework\\src\\Illuminate\\Routing\\Pipeline.php(53): Illuminate\\Pipeline\\Pipeline->Illuminate\\Pipeline\\{closure}(Object(Illuminate\\Http\\Request))
#30 C:\\xampp\\htdocs\\admin\\vendor\\laravel\\framework\\src\\Illuminate\\Cookie\\Middleware\\AddQueuedCookiesToResponse.php(37): Illuminate\\Routing\\Pipeline->Illuminate\\Routing\\{closure}(Object(Illuminate\\Http\\Request))
#31 C:\\xampp\\htdocs\\admin\\vendor\\laravel\\framework\\src\\Illuminate\\Pipeline\\Pipeline.php(163): Illuminate\\Cookie\\Middleware\\AddQueuedCookiesToResponse->handle(Object(Illuminate\\Http\\Request), Object(Closure))
#32 C:\\xampp\\htdocs\\admin\\vendor\\laravel\\framework\\src\\Illuminate\\Routing\\Pipeline.php(53): Illuminate\\Pipeline\\Pipeline->Illuminate\\Pipeline\\{closure}(Object(Illuminate\\Http\\Request))
#33 C:\\xampp\\htdocs\\admin\\vendor\\laravel\\framework\\src\\Illuminate\\Cookie\\Middleware\\EncryptCookies.php(66): Illuminate\\Routing\\Pipeline->Illuminate\\Routing\\{closure}(Object(Illuminate\\Http\\Request))
#34 C:\\xampp\\htdocs\\admin\\vendor\\laravel\\framework\\src\\Illuminate\\Pipeline\\Pipeline.php(163): Illuminate\\Cookie\\Middleware\\EncryptCookies->handle(Object(Illuminate\\Http\\Request), Object(Closure))
#35 C:\\xampp\\htdocs\\admin\\vendor\\laravel\\framework\\src\\Illuminate\\Routing\\Pipeline.php(53): Illuminate\\Pipeline\\Pipeline->Illuminate\\Pipeline\\{closure}(Object(Illuminate\\Http\\Request))
#36 C:\\xampp\\htdocs\\admin\\vendor\\laravel\\framework\\src\\Illuminate\\Pipeline\\Pipeline.php(104): Illuminate\\Routing\\Pipeline->Illuminate\\Routing\\{closure}(Object(Illuminate\\Http\\Request))
#37 C:\\xampp\\htdocs\\admin\\vendor\\laravel\\framework\\src\\Illuminate\\Routing\\Router.php(682): Illuminate\\Pipeline\\Pipeline->then(Object(Closure))
#38 C:\\xampp\\htdocs\\admin\\vendor\\laravel\\framework\\src\\Illuminate\\Routing\\Router.php(657): Illuminate\\Routing\\Router->runRouteWithinStack(Object(Illuminate\\Routing\\Route), Object(Illuminate\\Http\\Request))
#39 C:\\xampp\\htdocs\\admin\\vendor\\laravel\\framework\\src\\Illuminate\\Routing\\Router.php(623): Illuminate\\Routing\\Router->runRoute(Object(Illuminate\\Http\\Request), Object(Illuminate\\Routing\\Route))
#40 C:\\xampp\\htdocs\\admin\\vendor\\laravel\\framework\\src\\Illuminate\\Routing\\Router.php(612): Illuminate\\Routing\\Router->dispatchToRoute(Object(Illuminate\\Http\\Request))
#41 C:\\xampp\\htdocs\\admin\\vendor\\laravel\\framework\\src\\Illuminate\\Foundation\\Http\\Kernel.php(176): Illuminate\\Routing\\Router->dispatch(Object(Illuminate\\Http\\Request))
#42 C:\\xampp\\htdocs\\admin\\vendor\\laravel\\framework\\src\\Illuminate\\Routing\\Pipeline.php(30): Illuminate\\Foundation\\Http\\Kernel->Illuminate\\Foundation\\Http\\{closure}(Object(Illuminate\\Http\\Request))
#43 C:\\xampp\\htdocs\\admin\\vendor\\laravel\
ova\\src\\Http\\Middleware\\ServeNova.php(26): Illuminate\\Routing\\Pipeline->Illuminate\\Routing\\{closure}(Object(Illuminate\\Http\\Request))
#44 C:\\xampp\\htdocs\\admin\\vendor\\laravel\\framework\\src\\Illuminate\\Pipeline\\Pipeline.php(163): Laravel\\Nova\\Http\\Middleware\\ServeNova->handle(Object(Illuminate\\Http\\Request), Object(Closure))
#45 C:\\xampp\\htdocs\\admin\\vendor\\laravel\\framework\\src\\Illuminate\\Routing\\Pipeline.php(53): Illuminate\\Pipeline\\Pipeline->Illuminate\\Pipeline\\{closure}(Object(Illuminate\\Http\\Request))
#46 C:\\xampp\\htdocs\\admin\\vendor\\barryvdh\\laravel-debugbar\\src\\Middleware\\InjectDebugbar.php(58): Illuminate\\Routing\\Pipeline->Illuminate\\Routing\\{closure}(Object(Illuminate\\Http\\Request))
#47 C:\\xampp\\htdocs\\admin\\vendor\\laravel\\framework\\src\\Illuminate\\Pipeline\\Pipeline.php(163): Barryvdh\\Debugbar\\Middleware\\InjectDebugbar->handle(Object(Illuminate\\Http\\Request), Object(Closure))
#48 C:\\xampp\\htdocs\\admin\\vendor\\laravel\\framework\\src\\Illuminate\\Routing\\Pipeline.php(53): Illuminate\\Pipeline\\Pipeline->Illuminate\\Pipeline\\{closure}(Object(Illuminate\\Http\\Request))
#49 C:\\xampp\\htdocs\\admin\\vendor\\barryvdh\\laravel-cors\\src\\HandleCors.php(36): Illuminate\\Routing\\Pipeline->Illuminate\\Routing\\{closure}(Object(Illuminate\\Http\\Request))
#50 C:\\xampp\\htdocs\\admin\\vendor\\laravel\\framework\\src\\Illuminate\\Pipeline\\Pipeline.php(163): Barryvdh\\Cors\\HandleCors->handle(Object(Illuminate\\Http\\Request), Object(Closure))
#51 C:\\xampp\\htdocs\\admin\\vendor\\laravel\\framework\\src\\Illuminate\\Routing\\Pipeline.php(53): Illuminate\\Pipeline\\Pipeline->Illuminate\\Pipeline\\{closure}(Object(Illuminate\\Http\\Request))
#52 C:\\xampp\\htdocs\\admin\\vendor\\fideloper\\proxy\\src\\TrustProxies.php(57): Illuminate\\Routing\\Pipeline->Illuminate\\Routing\\{closure}(Object(Illuminate\\Http\\Request))
#53 C:\\xampp\\htdocs\\admin\\vendor\\laravel\\framework\\src\\Illuminate\\Pipeline\\Pipeline.php(163): Fideloper\\Proxy\\TrustProxies->handle(Object(Illuminate\\Http\\Request), Object(Closure))
#54 C:\\xampp\\htdocs\\admin\\vendor\\laravel\\framework\\src\\Illuminate\\Routing\\Pipeline.php(53): Illuminate\\Pipeline\\Pipeline->Illuminate\\Pipeline\\{closure}(Object(Illuminate\\Http\\Request))
#55 C:\\xampp\\htdocs\\admin\\vendor\\laravel\\framework\\src\\Illuminate\\Foundation\\Http\\Middleware\\TransformsRequest.php(21): Illuminate\\Routing\\Pipeline->Illuminate\\Routing\\{closure}(Object(Illuminate\\Http\\Request))
#56 C:\\xampp\\htdocs\\admin\\vendor\\laravel\\framework\\src\\Illuminate\\Pipeline\\Pipeline.php(163): Illuminate\\Foundation\\Http\\Middleware\\TransformsRequest->handle(Object(Illuminate\\Http\\Request), Object(Closure))
#57 C:\\xampp\\htdocs\\admin\\vendor\\laravel\\framework\\src\\Illuminate\\Routing\\Pipeline.php(53): Illuminate\\Pipeline\\Pipeline->Illuminate\\Pipeline\\{closure}(Object(Illuminate\\Http\\Request))
#58 C:\\xampp\\htdocs\\admin\\vendor\\laravel\\framework\\src\\Illuminate\\Foundation\\Http\\Middleware\\TransformsRequest.php(21): Illuminate\\Routing\\Pipeline->Illuminate\\Routing\\{closure}(Object(Illuminate\\Http\\Request))
#59 C:\\xampp\\htdocs\\admin\\vendor\\laravel\\framework\\src\\Illuminate\\Pipeline\\Pipeline.php(163): Illuminate\\Foundation\\Http\\Middleware\\TransformsRequest->handle(Object(Illuminate\\Http\\Request), Object(Closure))
#60 C:\\xampp\\htdocs\\admin\\vendor\\laravel\\framework\\src\\Illuminate\\Routing\\Pipeline.php(53): Illuminate\\Pipeline\\Pipeline->Illuminate\\Pipeline\\{closure}(Object(Illuminate\\Http\\Request))
#61 C:\\xampp\\htdocs\\admin\\vendor\\laravel\\framework\\src\\Illuminate\\Foundation\\Http\\Middleware\\ValidatePostSize.php(27): Illuminate\\Routing\\Pipeline->Illuminate\\Routing\\{closure}(Object(Illuminate\\Http\\Request))
#62 C:\\xampp\\htdocs\\admin\\vendor\\laravel\\framework\\src\\Illuminate\\Pipeline\\Pipeline.php(163): Illuminate\\Foundation\\Http\\Middleware\\ValidatePostSize->handle(Object(Illuminate\\Http\\Request), Object(Closure))
#63 C:\\xampp\\htdocs\\admin\\vendor\\laravel\\framework\\src\\Illuminate\\Routing\\Pipeline.php(53): Illuminate\\Pipeline\\Pipeline->Illuminate\\Pipeline\\{closure}(Object(Illuminate\\Http\\Request))
#64 C:\\xampp\\htdocs\\admin\\vendor\\laravel\\framework\\src\\Illuminate\\Foundation\\Http\\Middleware\\CheckForMaintenanceMode.php(62): Illuminate\\Routing\\Pipeline->Illuminate\\Routing\\{closure}(Object(Illuminate\\Http\\Request))
#65 C:\\xampp\\htdocs\\admin\\vendor\\laravel\\framework\\src\\Illuminate\\Pipeline\\Pipeline.php(163): Illuminate\\Foundation\\Http\\Middleware\\CheckForMaintenanceMode->handle(Object(Illuminate\\Http\\Request), Object(Closure))
#66 C:\\xampp\\htdocs\\admin\\vendor\\laravel\\framework\\src\\Illuminate\\Routing\\Pipeline.php(53): Illuminate\\Pipeline\\Pipeline->Illuminate\\Pipeline\\{closure}(Object(Illuminate\\Http\\Request))
#67 C:\\xampp\\htdocs\\admin\\vendor\\laravel\\framework\\src\\Illuminate\\Pipeline\\Pipeline.php(104): Illuminate\\Routing\\Pipeline->Illuminate\\Routing\\{closure}(Object(Illuminate\\Http\\Request))
#68 C:\\xampp\\htdocs\\admin\\vendor\\laravel\\framework\\src\\Illuminate\\Foundation\\Http\\Kernel.php(151): Illuminate\\Pipeline\\Pipeline->then(Object(Closure))
#69 C:\\xampp\\htdocs\\admin\\vendor\\laravel\\framework\\src\\Illuminate\\Foundation\\Http\\Kernel.php(116): Illuminate\\Foundation\\Http\\Kernel->sendRequestThroughRouter(Object(Illuminate\\Http\\Request))
#70 C:\\xampp\\htdocs\\admin\\public\\index.php(55): Illuminate\\Foundation\\Http\\Kernel->handle(Object(Illuminate\\Http\\Request))
#71 C:\\xampp\\htdocs\\admin\\server.php(21): require_once('C:\\\\xampp\\\\htdocs...')
#72 {main}
"} 
